# JRE version: Java(TM) SE Runtime Environment (19.0+36) (build 19+36-2238)
# Java VM: Java HotSpot(TM) 64-Bit Server VM (19+36-2238, mixed mode, sharing, tiered, compressed oops, compressed class ptrs, g1 gc, windows-amd64)
GC Precious Log:
 CardTable entry size: 512
 Card Set container configuration: InlinePtr #cards 5 size 8 Array Of Cards #cards 12 size 40 Howl #buckets 4 coarsen threshold 1843 Howl Bitmap #cards 512 size 80 coarsen threshold 460 Card regions per heap region 1 cards per card region 2048
 CPUs: 8 total, 8 available
 Memory: 8029M
 Large Page Support: Disabled
 NUMA Support: Disabled
 Compressed Oops: Enabled (32-bit)
 Heap Region Size: 1M
 Heap Min Capacity: 8M
 Heap Initial Capacity: 126M
 Heap Max Capacity: 2008M
 Pre-touch: Disabled
 Parallel Workers: 8
 Concurrent Workers: 2
 Concurrent Refinement Workers: 8
 Periodic GC: Disabled
Heap:
 garbage-first heap   total 188416K, used 45337K [0x0000000082800000, 0x0000000100000000)
  region size 1024K, 14 young (14336K), 1 survivors (1024K)
 Metaspace       used 23856K, committed 24192K, reserved 1114112K
  class space    used 2583K, committed 2752K, reserved 1048576K
GC Heap History (20 events):
Event: 367.271 GC heap before
{Heap before GC invocations=7 (full 0):
 garbage-first heap   total 258048K, used 26071K [0x0000000082800000, 0x0000000100000000)
  region size 1024K, 12 young (12288K), 1 survivors (1024K)
 Metaspace       used 17106K, committed 17408K, reserved 1114112K
  class space    used 1827K, committed 1984K, reserved 1048576K
}
Event: 367.291 GC heap after
{Heap after GC invocations=8 (full 0):
 garbage-first heap   total 258048K, used 15469K [0x0000000082800000, 0x0000000100000000)
  region size 1024K, 2 young (2048K), 2 survivors (2048K)
 Metaspace       used 17106K, committed 17408K, reserved 1114112K
  class space    used 1827K, committed 1984K, reserved 1048576K
}
Event: 369.037 GC heap before
{Heap before GC invocations=8 (full 0):
 garbage-first heap   total 258048K, used 18541K [0x0000000082800000, 0x0000000100000000)
  region size 1024K, 7 young (7168K), 2 survivors (2048K)
 Metaspace       used 21145K, committed 21504K, reserved 1114112K
  class space    used 2319K, committed 2496K, reserved 1048576K
}
Event: 369.487 GC heap after
{Heap after GC invocations=9 (full 0):
 garbage-first heap   total 258048K, used 16604K [0x0000000082800000, 0x0000000100000000)
  region size 1024K, 2 young (2048K), 2 survivors (2048K)
 Metaspace       used 21145K, committed 21504K, reserved 1114112K
  class space    used 2319K, committed 2496K, reserved 1048576K
}
Event: 375.564 GC heap before
{Heap before GC invocations=10 (full 0):
 garbage-first heap   total 92160K, used 25820K [0x0000000082800000, 0x0000000100000000)
  region size 1024K, 11 young (11264K), 2 survivors (2048K)
 Metaspace       used 23158K, committed 23552K, reserved 1114112K
  class space    used 2521K, committed 2688K, reserved 1048576K
}
Event: 375.575 GC heap after
{Heap after GC invocations=11 (full 0):
 garbage-first heap   total 92160K, used 22330K [0x0000000082800000, 0x0000000100000000)
  region size 1024K, 2 young (2048K), 2 survivors (2048K)
 Metaspace       used 23158K, committed 23552K, reserved 1114112K
  class space    used 2521K, committed 2688K, reserved 1048576K
}
Event: 376.196 GC heap before
{Heap before GC invocations=11 (full 0):
 garbage-first heap   total 92160K, used 25402K [0x0000000082800000, 0x0000000100000000)
  region size 1024K, 4 young (4096K), 2 survivors (2048K)
 Metaspace       used 23212K, committed 23616K, reserved 1114112K
  class space    used 2524K, committed 2752K, reserved 1048576K
}
Event: 376.472 GC heap after
{Heap after GC invocations=12 (full 0):
 garbage-first heap   total 92160K, used 24839K [0x0000000082800000, 0x0000000100000000)
  region size 1024K, 1 young (1024K), 1 survivors (1024K)
 Metaspace       used 23212K, committed 23616K, reserved 1114112K
  class space    used 2524K, committed 2752K, reserved 1048576K
}
Event: 376.903 GC heap before
{Heap before GC invocations=12 (full 0):
 garbage-first heap   total 92160K, used 27911K [0x0000000082800000, 0x0000000100000000)
  region size 1024K, 4 young (4096K), 1 survivors (1024K)
 Metaspace       used 23225K, committed 23616K, reserved 1114112K
  class space    used 2524K, committed 2752K, reserved 1048576K
}
Event: 376.906 GC heap after
{Heap after GC invocations=13 (full 0):
 garbage-first heap   total 92160K, used 25130K [0x0000000082800000, 0x0000000100000000)
  region size 1024K, 1 young (1024K), 1 survivors (1024K)
 Metaspace       used 23225K, committed 23616K, reserved 1114112K
  class space    used 2524K, committed 2752K, reserved 1048576K
}
Event: 381.665 GC heap before
{Heap before GC invocations=13 (full 0):
 garbage-first heap   total 92160K, used 28202K [0x0000000082800000, 0x0000000100000000)
  region size 1024K, 4 young (4096K), 1 survivors (1024K)
 Metaspace       used 23236K, committed 23616K, reserved 1114112K
  class space    used 2524K, committed 2752K, reserved 1048576K
}
Event: 381.666 GC heap after
{Heap after GC invocations=14 (full 0):
 garbage-first heap   total 92160K, used 25795K [0x0000000082800000, 0x0000000100000000)
  region size 1024K, 1 young (1024K), 1 survivors (1024K)
 Metaspace       used 23236K, committed 23616K, reserved 1114112K
  class space    used 2524K, committed 2752K, reserved 1048576K
}
Event: 384.618 GC heap before
{Heap before GC invocations=14 (full 0):
 garbage-first heap   total 92160K, used 32963K [0x0000000082800000, 0x0000000100000000)
  region size 1024K, 9 young (9216K), 1 survivors (1024K)
 Metaspace       used 23240K, committed 23616K, reserved 1114112K
  class space    used 2524K, committed 2752K, reserved 1048576K
}
Event: 385.048 GC heap after
{Heap after GC invocations=15 (full 0):
 garbage-first heap   total 92160K, used 28481K [0x0000000082800000, 0x0000000100000000)
  region size 1024K, 2 young (2048K), 2 survivors (2048K)
 Metaspace       used 23240K, committed 23616K, reserved 1114112K
  class space    used 2524K, committed 2752K, reserved 1048576K
}
Event: 386.821 GC heap before
{Heap before GC invocations=15 (full 0):
 garbage-first heap   total 92160K, used 30529K [0x0000000082800000, 0x0000000100000000)
  region size 1024K, 4 young (4096K), 2 survivors (2048K)
 Metaspace       used 23262K, committed 23680K, reserved 1114112K
  class space    used 2524K, committed 2752K, reserved 1048576K
}
Event: 386.830 GC heap after
{Heap after GC invocations=16 (full 0):
 garbage-first heap   total 188416K, used 29433K [0x0000000082800000, 0x0000000100000000)
  region size 1024K, 1 young (1024K), 1 survivors (1024K)
 Metaspace       used 23262K, committed 23680K, reserved 1114112K
  class space    used 2524K, committed 2752K, reserved 1048576K
}
Event: 389.677 GC heap before
{Heap before GC invocations=16 (full 0):
 garbage-first heap   total 188416K, used 36601K [0x0000000082800000, 0x0000000100000000)
  region size 1024K, 9 young (9216K), 1 survivors (1024K)
 Metaspace       used 23342K, committed 23744K, reserved 1114112K
  class space    used 2536K, committed 2752K, reserved 1048576K
}
Event: 389.769 GC heap after
{Heap after GC invocations=17 (full 0):
 garbage-first heap   total 188416K, used 32034K [0x0000000082800000, 0x0000000100000000)
  region size 1024K, 2 young (2048K), 2 survivors (2048K)
 Metaspace       used 23342K, committed 23744K, reserved 1114112K
  class space    used 2536K, committed 2752K, reserved 1048576K
}
Event: 391.977 GC heap before
{Heap before GC invocations=17 (full 0):
 garbage-first heap   total 188416K, used 40226K [0x0000000082800000, 0x0000000100000000)
  region size 1024K, 10 young (10240K), 2 survivors (2048K)
 Metaspace       used 23658K, committed 24064K, reserved 1114112K
  class space    used 2569K, committed 2752K, reserved 1048576K
}
Event: 391.980 GC heap after
{Heap after GC invocations=18 (full 0):
 garbage-first heap   total 188416K, used 33049K [0x0000000082800000, 0x0000000100000000)
  region size 1024K, 1 young (1024K), 1 survivors (1024K)
 Metaspace       used 23658K, committed 24064K, reserved 1114112K
  class space    used 2569K, committed 2752K, reserved 1048576K
}

