# JRE version: Java(TM) SE Runtime Environment (19.0+36) (build 19+36-2238)
# Java VM: Java HotSpot(TM) 64-Bit Server VM (19+36-2238, mixed mode, sharing, tiered, compressed oops, compressed class ptrs, g1 gc, windows-amd64)
GC Precious Log:
 CardTable entry size: 512
 Card Set container configuration: InlinePtr #cards 5 size 8 Array Of Cards #cards 12 size 40 Howl #buckets 4 coarsen threshold 1843 Howl Bitmap #cards 512 size 80 coarsen threshold 460 Card regions per heap region 1 cards per card region 2048
 CPUs: 8 total, 8 available
 Memory: 8029M
 Large Page Support: Disabled
 NUMA Support: Disabled
 Compressed Oops: Enabled (32-bit)
 Heap Region Size: 1M
 Heap Min Capacity: 8M
 Heap Initial Capacity: 126M
 Heap Max Capacity: 2008M
 Pre-touch: Disabled
 Parallel Workers: 8
 Concurrent Workers: 2
 Concurrent Refinement Workers: 8
 Periodic GC: Disabled
Heap:
 garbage-first heap   total 68608K, used 55103K [0x0000000082800000, 0x0000000100000000)
  region size 1024K, 3 young (3072K), 3 survivors (3072K)
 Metaspace       used 23847K, committed 24192K, reserved 1114112K
  class space    used 2580K, committed 2752K, reserved 1048576K
GC Heap History (12 events):
Event: 2.343 GC heap before
{Heap before GC invocations=0 (full 0):
 garbage-first heap   total 129024K, used 23552K [0x0000000082800000, 0x0000000100000000)
  region size 1024K, 23 young (23552K), 0 survivors (0K)
 Metaspace       used 4978K, committed 5120K, reserved 1114112K
  class space    used 558K, committed 640K, reserved 1048576K
}
Event: 2.353 GC heap after
{Heap after GC invocations=1 (full 0):
 garbage-first heap   total 129024K, used 3584K [0x0000000082800000, 0x0000000100000000)
  region size 1024K, 3 young (3072K), 3 survivors (3072K)
 Metaspace       used 4978K, committed 5120K, reserved 1114112K
  class space    used 558K, committed 640K, reserved 1048576K
}
Event: 4.156 GC heap before
{Heap before GC invocations=1 (full 0):
 garbage-first heap   total 129024K, used 35328K [0x0000000082800000, 0x0000000100000000)
  region size 1024K, 34 young (34816K), 3 survivors (3072K)
 Metaspace       used 10356K, committed 10560K, reserved 1114112K
  class space    used 1223K, committed 1344K, reserved 1048576K
}
Event: 4.181 GC heap after
{Heap after GC invocations=2 (full 0):
 garbage-first heap   total 129024K, used 5812K [0x0000000082800000, 0x0000000100000000)
  region size 1024K, 3 young (3072K), 3 survivors (3072K)
 Metaspace       used 10356K, committed 10560K, reserved 1114112K
  class space    used 1223K, committed 1344K, reserved 1048576K
}
Event: 168.395 GC heap before
{Heap before GC invocations=2 (full 0):
 garbage-first heap   total 129024K, used 79540K [0x0000000082800000, 0x0000000100000000)
  region size 1024K, 75 young (76800K), 3 survivors (3072K)
 Metaspace       used 13491K, committed 13760K, reserved 1114112K
  class space    used 1466K, committed 1600K, reserved 1048576K
}
Event: 168.459 GC heap after
{Heap after GC invocations=3 (full 0):
 garbage-first heap   total 129024K, used 13256K [0x0000000082800000, 0x0000000100000000)
  region size 1024K, 10 young (10240K), 10 survivors (10240K)
 Metaspace       used 13491K, committed 13760K, reserved 1114112K
  class space    used 1466K, committed 1600K, reserved 1048576K
}
Event: 326.102 GC heap before
{Heap before GC invocations=3 (full 0):
 garbage-first heap   total 129024K, used 89032K [0x0000000082800000, 0x0000000100000000)
  region size 1024K, 53 young (54272K), 10 survivors (10240K)
 Metaspace       used 21204K, committed 21504K, reserved 1114112K
  class space    used 2325K, committed 2496K, reserved 1048576K
}
Event: 326.417 GC heap after
{Heap after GC invocations=4 (full 0):
 garbage-first heap   total 129024K, used 16441K [0x0000000082800000, 0x0000000100000000)
  region size 1024K, 4 young (4096K), 4 survivors (4096K)
 Metaspace       used 21204K, committed 21504K, reserved 1114112K
  class space    used 2325K, committed 2496K, reserved 1048576K
}
Event: 334.092 GC heap before
{Heap before GC invocations=5 (full 0):
 garbage-first heap   total 61440K, used 51257K [0x0000000082800000, 0x0000000100000000)
  region size 1024K, 36 young (36864K), 4 survivors (4096K)
 Metaspace       used 23304K, committed 23616K, reserved 1114112K
  class space    used 2520K, committed 2688K, reserved 1048576K
}
Event: 334.393 GC heap after
{Heap after GC invocations=6 (full 0):
 garbage-first heap   total 68608K, used 30266K [0x0000000082800000, 0x0000000100000000)
  region size 1024K, 5 young (5120K), 5 survivors (5120K)
 Metaspace       used 23304K, committed 23616K, reserved 1114112K
  class space    used 2520K, committed 2688K, reserved 1048576K
}
Event: 334.618 GC heap before
{Heap before GC invocations=6 (full 0):
 garbage-first heap   total 68608K, used 31290K [0x0000000082800000, 0x0000000100000000)
  region size 1024K, 6 young (6144K), 5 survivors (5120K)
 Metaspace       used 23307K, committed 23616K, reserved 1114112K
  class space    used 2520K, committed 2688K, reserved 1048576K
}
Event: 334.916 GC heap after
{Heap after GC invocations=7 (full 0):
 garbage-first heap   total 68608K, used 31551K [0x0000000082800000, 0x0000000100000000)
  region size 1024K, 1 young (1024K), 1 survivors (1024K)
 Metaspace       used 23307K, committed 23616K, reserved 1114112K
  class space    used 2520K, committed 2688K, reserved 1048576K
}

