# JRE version: Java(TM) SE Runtime Environment (19.0+36) (build 19+36-2238)
# Java VM: Java HotSpot(TM) 64-Bit Server VM (19+36-2238, mixed mode, sharing, tiered, compressed oops, compressed class ptrs, g1 gc, windows-amd64)
GC Precious Log:
 CardTable entry size: 512
 Card Set container configuration: InlinePtr #cards 5 size 8 Array Of Cards #cards 12 size 40 Howl #buckets 4 coarsen threshold 1843 Howl Bitmap #cards 512 size 80 coarsen threshold 460 Card regions per heap region 1 cards per card region 2048
 CPUs: 8 total, 8 available
 Memory: 8029M
 Large Page Support: Disabled
 NUMA Support: Disabled
 Compressed Oops: Enabled (32-bit)
 Heap Region Size: 1M
 Heap Min Capacity: 8M
 Heap Initial Capacity: 126M
 Heap Max Capacity: 2008M
 Pre-touch: Disabled
 Parallel Workers: 8
 Concurrent Workers: 2
 Concurrent Refinement Workers: 8
 Periodic GC: Disabled
Heap:
 garbage-first heap   total 392192K, used 49028K [0x0000000082800000, 0x0000000100000000)
  region size 1024K, 12 young (12288K), 1 survivors (1024K)
 Metaspace       used 26247K, committed 26752K, reserved 1114112K
  class space    used 2849K, committed 3072K, reserved 1048576K
GC Heap History (20 events):
Event: 355.655 GC heap before
{Heap before GC invocations=7 (full 0):
 garbage-first heap   total 129024K, used 18672K [0x0000000082800000, 0x0000000100000000)
  region size 1024K, 6 young (6144K), 2 survivors (2048K)
 Metaspace       used 17948K, committed 18240K, reserved 1114112K
  class space    used 1977K, committed 2112K, reserved 1048576K
}
Event: 355.660 GC heap after
{Heap after GC invocations=8 (full 0):
 garbage-first heap   total 155648K, used 15739K [0x0000000082800000, 0x0000000100000000)
  region size 1024K, 1 young (1024K), 1 survivors (1024K)
 Metaspace       used 17948K, committed 18240K, reserved 1114112K
  class space    used 1977K, committed 2112K, reserved 1048576K
}
Event: 357.102 GC heap before
{Heap before GC invocations=8 (full 0):
 garbage-first heap   total 155648K, used 16763K [0x0000000082800000, 0x0000000100000000)
  region size 1024K, 3 young (3072K), 1 survivors (1024K)
 Metaspace       used 21161K, committed 21504K, reserved 1114112K
  class space    used 2328K, committed 2496K, reserved 1048576K
}
Event: 357.802 GC heap after
{Heap after GC invocations=9 (full 0):
 garbage-first heap   total 155648K, used 16762K [0x0000000082800000, 0x0000000100000000)
  region size 1024K, 1 young (1024K), 1 survivors (1024K)
 Metaspace       used 21161K, committed 21504K, reserved 1114112K
  class space    used 2328K, committed 2496K, reserved 1048576K
}
Event: 359.303 GC heap before
{Heap before GC invocations=9 (full 0):
 garbage-first heap   total 155648K, used 22906K [0x0000000082800000, 0x0000000100000000)
  region size 1024K, 7 young (7168K), 1 survivors (1024K)
 Metaspace       used 22436K, committed 22784K, reserved 1114112K
  class space    used 2439K, committed 2624K, reserved 1048576K
}
Event: 359.495 GC heap after
{Heap after GC invocations=10 (full 0):
 garbage-first heap   total 155648K, used 21432K [0x0000000082800000, 0x0000000100000000)
  region size 1024K, 1 young (1024K), 1 survivors (1024K)
 Metaspace       used 22436K, committed 22784K, reserved 1114112K
  class space    used 2439K, committed 2624K, reserved 1048576K
}
Event: 360.384 GC heap before
{Heap before GC invocations=10 (full 0):
 garbage-first heap   total 155648K, used 28600K [0x0000000082800000, 0x0000000100000000)
  region size 1024K, 7 young (7168K), 1 survivors (1024K)
 Metaspace       used 23152K, committed 23488K, reserved 1114112K
  class space    used 2524K, committed 2688K, reserved 1048576K
}
Event: 360.389 GC heap after
{Heap after GC invocations=11 (full 0):
 garbage-first heap   total 155648K, used 24966K [0x0000000082800000, 0x0000000100000000)
  region size 1024K, 1 young (1024K), 1 survivors (1024K)
 Metaspace       used 23152K, committed 23488K, reserved 1114112K
  class space    used 2524K, committed 2688K, reserved 1048576K
}
Event: 361.119 GC heap before
{Heap before GC invocations=11 (full 0):
 garbage-first heap   total 155648K, used 31110K [0x0000000082800000, 0x0000000100000000)
  region size 1024K, 7 young (7168K), 1 survivors (1024K)
 Metaspace       used 23190K, committed 23552K, reserved 1114112K
  class space    used 2525K, committed 2688K, reserved 1048576K
}
Event: 361.123 GC heap after
{Heap after GC invocations=12 (full 0):
 garbage-first heap   total 155648K, used 26519K [0x0000000082800000, 0x0000000100000000)
  region size 1024K, 1 young (1024K), 1 survivors (1024K)
 Metaspace       used 23190K, committed 23552K, reserved 1114112K
  class space    used 2525K, committed 2688K, reserved 1048576K
}
Event: 364.264 GC heap before
{Heap before GC invocations=13 (full 0):
 garbage-first heap   total 155648K, used 60311K [0x0000000082800000, 0x0000000100000000)
  region size 1024K, 35 young (35840K), 1 survivors (1024K)
 Metaspace       used 23794K, committed 24128K, reserved 1114112K
  class space    used 2584K, committed 2752K, reserved 1048576K
}
Event: 364.290 GC heap after
{Heap after GC invocations=14 (full 0):
 garbage-first heap   total 155648K, used 34535K [0x0000000082800000, 0x0000000100000000)
  region size 1024K, 5 young (5120K), 5 survivors (5120K)
 Metaspace       used 23794K, committed 24128K, reserved 1114112K
  class space    used 2584K, committed 2752K, reserved 1048576K
}
Event: 364.311 GC heap before
{Heap before GC invocations=14 (full 0):
 garbage-first heap   total 155648K, used 36583K [0x0000000082800000, 0x0000000100000000)
  region size 1024K, 7 young (7168K), 5 survivors (5120K)
 Metaspace       used 23795K, committed 24128K, reserved 1114112K
  class space    used 2584K, committed 2752K, reserved 1048576K
}
Event: 364.321 GC heap after
{Heap after GC invocations=15 (full 0):
 garbage-first heap   total 155648K, used 35046K [0x0000000082800000, 0x0000000100000000)
  region size 1024K, 1 young (1024K), 1 survivors (1024K)
 Metaspace       used 23795K, committed 24128K, reserved 1114112K
  class space    used 2584K, committed 2752K, reserved 1048576K
}
Event: 364.561 GC heap before
{Heap before GC invocations=15 (full 0):
 garbage-first heap   total 155648K, used 42214K [0x0000000082800000, 0x0000000100000000)
  region size 1024K, 7 young (7168K), 1 survivors (1024K)
 Metaspace       used 23890K, committed 24256K, reserved 1114112K
  class space    used 2584K, committed 2752K, reserved 1048576K
}
Event: 364.575 GC heap after
{Heap after GC invocations=16 (full 0):
 garbage-first heap   total 392192K, used 37424K [0x0000000082800000, 0x0000000100000000)
  region size 1024K, 1 young (1024K), 1 survivors (1024K)
 Metaspace       used 23890K, committed 24256K, reserved 1114112K
  class space    used 2584K, committed 2752K, reserved 1048576K
}
Event: 380.555 GC heap before
{Heap before GC invocations=16 (full 0):
 garbage-first heap   total 392192K, used 54832K [0x0000000082800000, 0x0000000100000000)
  region size 1024K, 19 young (19456K), 1 survivors (1024K)
 Metaspace       used 24866K, committed 25280K, reserved 1114112K
  class space    used 2692K, committed 2880K, reserved 1048576K
}
Event: 380.788 GC heap after
{Heap after GC invocations=17 (full 0):
 garbage-first heap   total 392192K, used 39230K [0x0000000082800000, 0x0000000100000000)
  region size 1024K, 3 young (3072K), 3 survivors (3072K)
 Metaspace       used 24866K, committed 25280K, reserved 1114112K
  class space    used 2692K, committed 2880K, reserved 1048576K
}
Event: 394.411 GC heap before
{Heap before GC invocations=17 (full 0):
 garbage-first heap   total 392192K, used 54590K [0x0000000082800000, 0x0000000100000000)
  region size 1024K, 19 young (19456K), 3 survivors (3072K)
 Metaspace       used 25892K, committed 26304K, reserved 1114112K
  class space    used 2794K, committed 3008K, reserved 1048576K
}
Event: 394.657 GC heap after
{Heap after GC invocations=18 (full 0):
 garbage-first heap   total 392192K, used 39812K [0x0000000082800000, 0x0000000100000000)
  region size 1024K, 1 young (1024K), 1 survivors (1024K)
 Metaspace       used 25892K, committed 26304K, reserved 1114112K
  class space    used 2794K, committed 3008K, reserved 1048576K
}

