# JRE version: Java(TM) SE Runtime Environment (19.0+36) (build 19+36-2238)
# Java VM: Java HotSpot(TM) 64-Bit Server VM (19+36-2238, mixed mode, sharing, tiered, compressed oops, compressed class ptrs, g1 gc, windows-amd64)
GC Precious Log:
 CardTable entry size: 512
 Card Set container configuration: InlinePtr #cards 5 size 8 Array Of Cards #cards 12 size 40 Howl #buckets 4 coarsen threshold 1843 Howl Bitmap #cards 512 size 80 coarsen threshold 460 Card regions per heap region 1 cards per card region 2048
 CPUs: 8 total, 8 available
 Memory: 8029M
 Large Page Support: Disabled
 NUMA Support: Disabled
 Compressed Oops: Enabled (32-bit)
 Heap Region Size: 1M
 Heap Min Capacity: 8M
 Heap Initial Capacity: 126M
 Heap Max Capacity: 2008M
 Pre-touch: Disabled
 Parallel Workers: 8
 Concurrent Workers: 2
 Concurrent Refinement Workers: 8
 Periodic GC: Disabled
Heap:
 garbage-first heap   total 161792K, used 67920K [0x0000000082800000, 0x0000000100000000)
  region size 1024K, 12 young (12288K), 3 survivors (3072K)
 Metaspace       used 33133K, committed 33728K, reserved 1114112K
  class space    used 3486K, committed 3776K, reserved 1048576K
GC Heap History (20 events):
Event: 212.878 GC heap before
{Heap before GC invocations=2 (full 0):
 garbage-first heap   total 129024K, used 79633K [0x0000000082800000, 0x0000000100000000)
  region size 1024K, 75 young (76800K), 3 survivors (3072K)
 Metaspace       used 13631K, committed 13888K, reserved 1114112K
  class space    used 1465K, committed 1600K, reserved 1048576K
}
Event: 213.043 GC heap after
{Heap after GC invocations=3 (full 0):
 garbage-first heap   total 129024K, used 13498K [0x0000000082800000, 0x0000000100000000)
  region size 1024K, 10 young (10240K), 10 survivors (10240K)
 Metaspace       used 13631K, committed 13888K, reserved 1114112K
  class space    used 1465K, committed 1600K, reserved 1048576K
}
Event: 217.520 GC heap before
{Heap before GC invocations=3 (full 0):
 garbage-first heap   total 129024K, used 91322K [0x0000000082800000, 0x0000000100000000)
  region size 1024K, 54 young (55296K), 10 survivors (10240K)
 Metaspace       used 21248K, committed 21504K, reserved 1114112K
  class space    used 2308K, committed 2432K, reserved 1048576K
}
Event: 217.538 GC heap after
{Heap after GC invocations=4 (full 0):
 garbage-first heap   total 129024K, used 16530K [0x0000000082800000, 0x0000000100000000)
  region size 1024K, 4 young (4096K), 4 survivors (4096K)
 Metaspace       used 21248K, committed 21504K, reserved 1114112K
  class space    used 2308K, committed 2432K, reserved 1048576K
}
Event: 218.226 GC heap before
{Heap before GC invocations=5 (full 0):
 garbage-first heap   total 61440K, used 51346K [0x0000000082800000, 0x0000000100000000)
  region size 1024K, 36 young (36864K), 4 survivors (4096K)
 Metaspace       used 23456K, committed 23808K, reserved 1114112K
  class space    used 2520K, committed 2688K, reserved 1048576K
}
Event: 218.244 GC heap after
{Heap after GC invocations=6 (full 0):
 garbage-first heap   total 67584K, used 29842K [0x0000000082800000, 0x0000000100000000)
  region size 1024K, 5 young (5120K), 5 survivors (5120K)
 Metaspace       used 23456K, committed 23808K, reserved 1114112K
  class space    used 2520K, committed 2688K, reserved 1048576K
}
Event: 218.264 GC heap before
{Heap before GC invocations=6 (full 0):
 garbage-first heap   total 67584K, used 30866K [0x0000000082800000, 0x0000000100000000)
  region size 1024K, 6 young (6144K), 5 survivors (5120K)
 Metaspace       used 23457K, committed 23808K, reserved 1114112K
  class space    used 2520K, committed 2688K, reserved 1048576K
}
Event: 218.269 GC heap after
{Heap after GC invocations=7 (full 0):
 garbage-first heap   total 67584K, used 30500K [0x0000000082800000, 0x0000000100000000)
  region size 1024K, 1 young (1024K), 1 survivors (1024K)
 Metaspace       used 23457K, committed 23808K, reserved 1114112K
  class space    used 2520K, committed 2688K, reserved 1048576K
}
Event: 218.676 GC heap before
{Heap before GC invocations=7 (full 0):
 garbage-first heap   total 67584K, used 49956K [0x0000000082800000, 0x0000000100000000)
  region size 1024K, 20 young (20480K), 1 survivors (1024K)
 Metaspace       used 24053K, committed 24448K, reserved 1114112K
  class space    used 2580K, committed 2752K, reserved 1048576K
}
Event: 218.683 GC heap after
{Heap after GC invocations=8 (full 0):
 garbage-first heap   total 134144K, used 33792K [0x0000000082800000, 0x0000000100000000)
  region size 1024K, 3 young (3072K), 3 survivors (3072K)
 Metaspace       used 24053K, committed 24448K, reserved 1114112K
  class space    used 2580K, committed 2752K, reserved 1048576K
}
Event: 219.492 GC heap before
{Heap before GC invocations=8 (full 0):
 garbage-first heap   total 134144K, used 89088K [0x0000000082800000, 0x0000000100000000)
  region size 1024K, 57 young (58368K), 3 survivors (3072K)
 Metaspace       used 26633K, committed 27008K, reserved 1114112K
  class space    used 2849K, committed 3008K, reserved 1048576K
}
Event: 219.501 GC heap after
{Heap after GC invocations=9 (full 0):
 garbage-first heap   total 134144K, used 38404K [0x0000000082800000, 0x0000000100000000)
  region size 1024K, 7 young (7168K), 7 survivors (7168K)
 Metaspace       used 26633K, committed 27008K, reserved 1114112K
  class space    used 2849K, committed 3008K, reserved 1048576K
}
Event: 219.828 GC heap before
{Heap before GC invocations=9 (full 0):
 garbage-first heap   total 134144K, used 92676K [0x0000000082800000, 0x0000000100000000)
  region size 1024K, 60 young (61440K), 7 survivors (7168K)
 Metaspace       used 27076K, committed 27520K, reserved 1114112K
  class space    used 2868K, committed 3072K, reserved 1048576K
}
Event: 219.838 GC heap after
{Heap after GC invocations=10 (full 0):
 garbage-first heap   total 134144K, used 39301K [0x0000000082800000, 0x0000000100000000)
  region size 1024K, 5 young (5120K), 5 survivors (5120K)
 Metaspace       used 27076K, committed 27520K, reserved 1114112K
  class space    used 2868K, committed 3072K, reserved 1048576K
}
Event: 220.762 GC heap before
{Heap before GC invocations=10 (full 0):
 garbage-first heap   total 134144K, used 101765K [0x0000000082800000, 0x0000000100000000)
  region size 1024K, 61 young (62464K), 5 survivors (5120K)
 Metaspace       used 29271K, committed 29760K, reserved 1114112K
  class space    used 3119K, committed 3392K, reserved 1048576K
}
Event: 220.775 GC heap after
{Heap after GC invocations=11 (full 0):
 garbage-first heap   total 134144K, used 51057K [0x0000000082800000, 0x0000000100000000)
  region size 1024K, 8 young (8192K), 8 survivors (8192K)
 Metaspace       used 29271K, committed 29760K, reserved 1114112K
  class space    used 3119K, committed 3392K, reserved 1048576K
}
Event: 221.768 GC heap before
{Heap before GC invocations=11 (full 0):
 garbage-first heap   total 134144K, used 96113K [0x0000000082800000, 0x0000000100000000)
  region size 1024K, 53 young (54272K), 8 survivors (8192K)
 Metaspace       used 30121K, committed 30656K, reserved 1114112K
  class space    used 3213K, committed 3456K, reserved 1048576K
}
Event: 221.782 GC heap after
{Heap after GC invocations=12 (full 0):
 garbage-first heap   total 161792K, used 60719K [0x0000000082800000, 0x0000000100000000)
  region size 1024K, 7 young (7168K), 7 survivors (7168K)
 Metaspace       used 30121K, committed 30656K, reserved 1114112K
  class space    used 3213K, committed 3456K, reserved 1048576K
}
Event: 222.540 GC heap before
{Heap before GC invocations=12 (full 0):
 garbage-first heap   total 161792K, used 113967K [0x0000000082800000, 0x0000000100000000)
  region size 1024K, 60 young (61440K), 7 survivors (7168K)
 Metaspace       used 32126K, committed 32640K, reserved 1114112K
  class space    used 3396K, committed 3648K, reserved 1048576K
}
Event: 222.544 GC heap after
{Heap after GC invocations=13 (full 0):
 garbage-first heap   total 161792K, used 59728K [0x0000000082800000, 0x0000000100000000)
  region size 1024K, 3 young (3072K), 3 survivors (3072K)
 Metaspace       used 32126K, committed 32640K, reserved 1114112K
  class space    used 3396K, committed 3648K, reserved 1048576K
}

