# JRE version: Java(TM) SE Runtime Environment (19.0+36) (build 19+36-2238)
# Java VM: Java HotSpot(TM) 64-Bit Server VM (19+36-2238, mixed mode, sharing, tiered, compressed oops, compressed class ptrs, g1 gc, windows-amd64)
GC Precious Log:
 CardTable entry size: 512
 Card Set container configuration: InlinePtr #cards 5 size 8 Array Of Cards #cards 12 size 40 Howl #buckets 4 coarsen threshold 1843 Howl Bitmap #cards 512 size 80 coarsen threshold 460 Card regions per heap region 1 cards per card region 2048
 CPUs: 8 total, 8 available
 Memory: 8029M
 Large Page Support: Disabled
 NUMA Support: Disabled
 Compressed Oops: Enabled (32-bit)
 Heap Region Size: 1M
 Heap Min Capacity: 8M
 Heap Initial Capacity: 126M
 Heap Max Capacity: 2008M
 Pre-touch: Disabled
 Parallel Workers: 8
 Concurrent Workers: 2
 Concurrent Refinement Workers: 8
 Periodic GC: Disabled
Heap:
 garbage-first heap   total 122880K, used 86674K [0x0000000082800000, 0x0000000100000000)
  region size 1024K, 47 young (48128K), 3 survivors (3072K)
 Metaspace       used 29092K, committed 29632K, reserved 1114112K
  class space    used 3122K, committed 3392K, reserved 1048576K
GC Heap History (20 events):
Event: 291.582 GC heap before
{Heap before GC invocations=6 (full 0):
 garbage-first heap   total 61440K, used 25727K [0x0000000082800000, 0x0000000100000000)
  region size 1024K, 4 young (4096K), 3 survivors (3072K)
 Metaspace       used 23341K, committed 23680K, reserved 1114112K
  class space    used 2522K, committed 2688K, reserved 1048576K
}
Event: 291.589 GC heap after
{Heap after GC invocations=7 (full 0):
 garbage-first heap   total 61440K, used 25250K [0x0000000082800000, 0x0000000100000000)
  region size 1024K, 1 young (1024K), 1 survivors (1024K)
 Metaspace       used 23341K, committed 23680K, reserved 1114112K
  class space    used 2522K, committed 2688K, reserved 1048576K
}
Event: 295.610 GC heap before
{Heap before GC invocations=7 (full 0):
 garbage-first heap   total 61440K, used 41634K [0x0000000082800000, 0x0000000100000000)
  region size 1024K, 17 young (17408K), 1 survivors (1024K)
 Metaspace       used 23382K, committed 23744K, reserved 1114112K
  class space    used 2522K, committed 2688K, reserved 1048576K
}
Event: 296.871 GC heap after
{Heap after GC invocations=8 (full 0):
 garbage-first heap   total 61440K, used 30419K [0x0000000082800000, 0x0000000100000000)
  region size 1024K, 3 young (3072K), 3 survivors (3072K)
 Metaspace       used 23382K, committed 23744K, reserved 1114112K
  class space    used 2522K, committed 2688K, reserved 1048576K
}
Event: 297.251 GC heap before
{Heap before GC invocations=8 (full 0):
 garbage-first heap   total 61440K, used 31443K [0x0000000082800000, 0x0000000100000000)
  region size 1024K, 4 young (4096K), 3 survivors (3072K)
 Metaspace       used 23382K, committed 23744K, reserved 1114112K
  class space    used 2522K, committed 2688K, reserved 1048576K
}
Event: 297.257 GC heap after
{Heap after GC invocations=9 (full 0):
 garbage-first heap   total 122880K, used 31092K [0x0000000082800000, 0x0000000100000000)
  region size 1024K, 1 young (1024K), 1 survivors (1024K)
 Metaspace       used 23382K, committed 23744K, reserved 1114112K
  class space    used 2522K, committed 2688K, reserved 1048576K
}
Event: 299.073 GC heap before
{Heap before GC invocations=9 (full 0):
 garbage-first heap   total 122880K, used 36212K [0x0000000082800000, 0x0000000100000000)
  region size 1024K, 6 young (6144K), 1 survivors (1024K)
 Metaspace       used 23586K, committed 24000K, reserved 1114112K
  class space    used 2546K, committed 2752K, reserved 1048576K
}
Event: 299.078 GC heap after
{Heap after GC invocations=10 (full 0):
 garbage-first heap   total 122880K, used 32000K [0x0000000082800000, 0x0000000100000000)
  region size 1024K, 1 young (1024K), 1 survivors (1024K)
 Metaspace       used 23586K, committed 24000K, reserved 1114112K
  class space    used 2546K, committed 2752K, reserved 1048576K
}
Event: 300.101 GC heap before
{Heap before GC invocations=10 (full 0):
 garbage-first heap   total 122880K, used 37120K [0x0000000082800000, 0x0000000100000000)
  region size 1024K, 6 young (6144K), 1 survivors (1024K)
 Metaspace       used 23880K, committed 24256K, reserved 1114112K
  class space    used 2579K, committed 2752K, reserved 1048576K
}
Event: 300.138 GC heap after
{Heap after GC invocations=11 (full 0):
 garbage-first heap   total 122880K, used 32800K [0x0000000082800000, 0x0000000100000000)
  region size 1024K, 1 young (1024K), 1 survivors (1024K)
 Metaspace       used 23880K, committed 24256K, reserved 1114112K
  class space    used 2579K, committed 2752K, reserved 1048576K
}
Event: 300.477 GC heap before
{Heap before GC invocations=11 (full 0):
 garbage-first heap   total 122880K, used 37920K [0x0000000082800000, 0x0000000100000000)
  region size 1024K, 6 young (6144K), 1 survivors (1024K)
 Metaspace       used 23888K, committed 24256K, reserved 1114112K
  class space    used 2579K, committed 2752K, reserved 1048576K
}
Event: 300.481 GC heap after
{Heap after GC invocations=12 (full 0):
 garbage-first heap   total 122880K, used 33550K [0x0000000082800000, 0x0000000100000000)
  region size 1024K, 1 young (1024K), 1 survivors (1024K)
 Metaspace       used 23888K, committed 24256K, reserved 1114112K
  class space    used 2579K, committed 2752K, reserved 1048576K
}
Event: 301.733 GC heap before
{Heap before GC invocations=12 (full 0):
 garbage-first heap   total 122880K, used 44814K [0x0000000082800000, 0x0000000100000000)
  region size 1024K, 12 young (12288K), 1 survivors (1024K)
 Metaspace       used 24112K, committed 24512K, reserved 1114112K
  class space    used 2583K, committed 2752K, reserved 1048576K
}
Event: 301.742 GC heap after
{Heap after GC invocations=13 (full 0):
 garbage-first heap   total 122880K, used 36460K [0x0000000082800000, 0x0000000100000000)
  region size 1024K, 2 young (2048K), 2 survivors (2048K)
 Metaspace       used 24112K, committed 24512K, reserved 1114112K
  class space    used 2583K, committed 2752K, reserved 1048576K
}
Event: 304.977 GC heap before
{Heap before GC invocations=13 (full 0):
 garbage-first heap   total 122880K, used 54892K [0x0000000082800000, 0x0000000100000000)
  region size 1024K, 21 young (21504K), 2 survivors (2048K)
 Metaspace       used 25153K, committed 25536K, reserved 1114112K
  class space    used 2696K, committed 2880K, reserved 1048576K
}
Event: 304.994 GC heap after
{Heap after GC invocations=14 (full 0):
 garbage-first heap   total 122880K, used 38345K [0x0000000082800000, 0x0000000100000000)
  region size 1024K, 2 young (2048K), 2 survivors (2048K)
 Metaspace       used 25153K, committed 25536K, reserved 1114112K
  class space    used 2696K, committed 2880K, reserved 1048576K
}
Event: 317.781 GC heap before
{Heap before GC invocations=14 (full 0):
 garbage-first heap   total 122880K, used 72137K [0x0000000082800000, 0x0000000100000000)
  region size 1024K, 36 young (36864K), 2 survivors (2048K)
 Metaspace       used 26666K, committed 27136K, reserved 1114112K
  class space    used 2868K, committed 3072K, reserved 1048576K
}
Event: 317.875 GC heap after
{Heap after GC invocations=15 (full 0):
 garbage-first heap   total 122880K, used 39073K [0x0000000082800000, 0x0000000100000000)
  region size 1024K, 3 young (3072K), 3 survivors (3072K)
 Metaspace       used 26666K, committed 27136K, reserved 1114112K
  class space    used 2868K, committed 3072K, reserved 1048576K
}
Event: 319.477 GC heap before
{Heap before GC invocations=15 (full 0):
 garbage-first heap   total 122880K, used 81057K [0x0000000082800000, 0x0000000100000000)
  region size 1024K, 44 young (45056K), 3 survivors (3072K)
 Metaspace       used 26966K, committed 27392K, reserved 1114112K
  class space    used 2873K, committed 3072K, reserved 1048576K
}
Event: 319.486 GC heap after
{Heap after GC invocations=16 (full 0):
 garbage-first heap   total 122880K, used 39570K [0x0000000082800000, 0x0000000100000000)
  region size 1024K, 3 young (3072K), 3 survivors (3072K)
 Metaspace       used 26966K, committed 27392K, reserved 1114112K
  class space    used 2873K, committed 3072K, reserved 1048576K
}

