# JRE version: Java(TM) SE Runtime Environment (19.0+36) (build 19+36-2238)
# Java VM: Java HotSpot(TM) 64-Bit Server VM (19+36-2238, mixed mode, sharing, tiered, compressed oops, compressed class ptrs, g1 gc, windows-amd64)
GC Precious Log:
 CardTable entry size: 512
 Card Set container configuration: InlinePtr #cards 5 size 8 Array Of Cards #cards 12 size 40 Howl #buckets 4 coarsen threshold 1843 Howl Bitmap #cards 512 size 80 coarsen threshold 460 Card regions per heap region 1 cards per card region 2048
 CPUs: 8 total, 8 available
 Memory: 8029M
 Large Page Support: Disabled
 NUMA Support: Disabled
 Compressed Oops: Enabled (32-bit)
 Heap Region Size: 1M
 Heap Min Capacity: 8M
 Heap Initial Capacity: 126M
 Heap Max Capacity: 2008M
 Pre-touch: Disabled
 Parallel Workers: 8
 Concurrent Workers: 2
 Concurrent Refinement Workers: 8
 Periodic GC: Disabled
Heap:
 garbage-first heap   total 68608K, used 31127K [0x0000000082800000, 0x0000000100000000)
  region size 1024K, 14 young (14336K), 1 survivors (1024K)
 Metaspace       used 42785K, committed 43200K, reserved 1114112K
  class space    used 5497K, committed 5696K, reserved 1048576K
GC Heap History (16 events):
Event: 1.474 GC heap before
{Heap before GC invocations=0 (full 0):
 garbage-first heap   total 129024K, used 24576K [0x0000000082800000, 0x0000000100000000)
  region size 1024K, 23 young (23552K), 0 survivors (0K)
 Metaspace       used 5399K, committed 5568K, reserved 1114112K
  class space    used 625K, committed 704K, reserved 1048576K
}
Event: 1.506 GC heap after
{Heap after GC invocations=1 (full 0):
 garbage-first heap   total 129024K, used 8084K [0x0000000082800000, 0x0000000100000000)
  region size 1024K, 3 young (3072K), 3 survivors (3072K)
 Metaspace       used 5399K, committed 5568K, reserved 1114112K
  class space    used 625K, committed 704K, reserved 1048576K
}
Event: 7.152 GC heap before
{Heap before GC invocations=1 (full 0):
 garbage-first heap   total 129024K, used 35732K [0x0000000082800000, 0x0000000100000000)
  region size 1024K, 30 young (30720K), 3 survivors (3072K)
 Metaspace       used 12707K, committed 13056K, reserved 1114112K
  class space    used 1573K, committed 1728K, reserved 1048576K
}
Event: 7.159 GC heap after
{Heap after GC invocations=2 (full 0):
 garbage-first heap   total 129024K, used 10679K [0x0000000082800000, 0x0000000100000000)
  region size 1024K, 3 young (3072K), 3 survivors (3072K)
 Metaspace       used 12707K, committed 13056K, reserved 1114112K
  class space    used 1573K, committed 1728K, reserved 1048576K
}
Event: 14.713 GC heap before
{Heap before GC invocations=2 (full 0):
 garbage-first heap   total 129024K, used 46519K [0x0000000082800000, 0x0000000100000000)
  region size 1024K, 39 young (39936K), 3 survivors (3072K)
 Metaspace       used 21307K, committed 21504K, reserved 1114112K
  class space    used 2659K, committed 2752K, reserved 1048576K
}
Event: 14.718 GC heap after
{Heap after GC invocations=3 (full 0):
 garbage-first heap   total 129024K, used 13056K [0x0000000082800000, 0x0000000100000000)
  region size 1024K, 5 young (5120K), 5 survivors (5120K)
 Metaspace       used 21307K, committed 21504K, reserved 1114112K
  class space    used 2659K, committed 2752K, reserved 1048576K
}
Event: 18.806 GC heap before
{Heap before GC invocations=4 (full 0):
 garbage-first heap   total 51200K, used 37632K [0x0000000082800000, 0x0000000100000000)
  region size 1024K, 30 young (30720K), 5 survivors (5120K)
 Metaspace       used 24523K, committed 24768K, reserved 1114112K
  class space    used 3100K, committed 3200K, reserved 1048576K
}
Event: 18.841 GC heap after
{Heap after GC invocations=5 (full 0):
 garbage-first heap   total 51200K, used 14453K [0x0000000082800000, 0x0000000100000000)
  region size 1024K, 2 young (2048K), 2 survivors (2048K)
 Metaspace       used 24523K, committed 24768K, reserved 1114112K
  class space    used 3100K, committed 3200K, reserved 1048576K
}
Event: 19.248 GC heap before
{Heap before GC invocations=5 (full 0):
 garbage-first heap   total 51200K, used 15477K [0x0000000082800000, 0x0000000100000000)
  region size 1024K, 3 young (3072K), 2 survivors (2048K)
 Metaspace       used 24660K, committed 25024K, reserved 1114112K
  class space    used 3112K, committed 3264K, reserved 1048576K
}
Event: 19.662 GC heap after
{Heap after GC invocations=6 (full 0):
 garbage-first heap   total 51200K, used 14877K [0x0000000082800000, 0x0000000100000000)
  region size 1024K, 1 young (1024K), 1 survivors (1024K)
 Metaspace       used 24660K, committed 25024K, reserved 1114112K
  class space    used 3112K, committed 3264K, reserved 1048576K
}
Event: 27.263 GC heap before
{Heap before GC invocations=6 (full 0):
 garbage-first heap   total 51200K, used 33309K [0x0000000082800000, 0x0000000100000000)
  region size 1024K, 20 young (20480K), 1 survivors (1024K)
 Metaspace       used 27793K, committed 28160K, reserved 1114112K
  class space    used 3536K, committed 3712K, reserved 1048576K
}
Event: 27.323 GC heap after
{Heap after GC invocations=7 (full 0):
 garbage-first heap   total 51200K, used 15970K [0x0000000082800000, 0x0000000100000000)
  region size 1024K, 2 young (2048K), 2 survivors (2048K)
 Metaspace       used 27793K, committed 28160K, reserved 1114112K
  class space    used 3536K, committed 3712K, reserved 1048576K
}
Event: 32.800 GC heap before
{Heap before GC invocations=7 (full 0):
 garbage-first heap   total 51200K, used 34402K [0x0000000082800000, 0x0000000100000000)
  region size 1024K, 21 young (21504K), 2 survivors (2048K)
 Metaspace       used 31211K, committed 31616K, reserved 1114112K
  class space    used 3999K, committed 4160K, reserved 1048576K
}
Event: 32.961 GC heap after
{Heap after GC invocations=8 (full 0):
 garbage-first heap   total 51200K, used 17785K [0x0000000082800000, 0x0000000100000000)
  region size 1024K, 3 young (3072K), 3 survivors (3072K)
 Metaspace       used 31211K, committed 31616K, reserved 1114112K
  class space    used 3999K, committed 4160K, reserved 1048576K
}
Event: 41.097 GC heap before
{Heap before GC invocations=8 (full 0):
 garbage-first heap   total 51200K, used 33145K [0x0000000082800000, 0x0000000100000000)
  region size 1024K, 19 young (19456K), 3 survivors (3072K)
 Metaspace       used 35543K, committed 35968K, reserved 1114112K
  class space    used 4656K, committed 4864K, reserved 1048576K
}
Event: 41.178 GC heap after
{Heap after GC invocations=9 (full 0):
 garbage-first heap   total 108544K, used 18839K [0x0000000082800000, 0x0000000100000000)
  region size 1024K, 1 young (1024K), 1 survivors (1024K)
 Metaspace       used 35543K, committed 35968K, reserved 1114112K
  class space    used 4656K, committed 4864K, reserved 1048576K
}

