# JRE version: Java(TM) SE Runtime Environment (19.0+36) (build 19+36-2238)
# Java VM: Java HotSpot(TM) 64-Bit Server VM (19+36-2238, mixed mode, sharing, tiered, compressed oops, compressed class ptrs, g1 gc, windows-amd64)
GC Precious Log:
 CardTable entry size: 512
 Card Set container configuration: InlinePtr #cards 5 size 8 Array Of Cards #cards 12 size 40 Howl #buckets 4 coarsen threshold 1843 Howl Bitmap #cards 512 size 80 coarsen threshold 460 Card regions per heap region 1 cards per card region 2048
 CPUs: 8 total, 8 available
 Memory: 8029M
 Large Page Support: Disabled
 NUMA Support: Disabled
 Compressed Oops: Enabled (32-bit)
 Heap Region Size: 1M
 Heap Min Capacity: 8M
 Heap Initial Capacity: 126M
 Heap Max Capacity: 2008M
 Pre-touch: Disabled
 Parallel Workers: 8
 Concurrent Workers: 2
 Concurrent Refinement Workers: 8
 Periodic GC: Disabled
Heap:
 garbage-first heap   total 227328K, used 45056K [0x0000000082800000, 0x0000000100000000)
  region size 1024K, 7 young (7168K), 1 survivors (1024K)
 Metaspace       used 26771K, committed 27200K, reserved 1114112K
  class space    used 2871K, committed 3072K, reserved 1048576K
GC Heap History (20 events):
Event: 346.970 GC heap before
{Heap before GC invocations=11 (full 0):
 garbage-first heap   total 86016K, used 27779K [0x0000000082800000, 0x0000000100000000)
  region size 1024K, 4 young (4096K), 1 survivors (1024K)
 Metaspace       used 23314K, committed 23680K, reserved 1114112K
  class space    used 2521K, committed 2688K, reserved 1048576K
}
Event: 346.973 GC heap after
{Heap after GC invocations=12 (full 0):
 garbage-first heap   total 86016K, used 25276K [0x0000000082800000, 0x0000000100000000)
  region size 1024K, 1 young (1024K), 1 survivors (1024K)
 Metaspace       used 23314K, committed 23680K, reserved 1114112K
  class space    used 2521K, committed 2688K, reserved 1048576K
}
Event: 347.248 GC heap before
{Heap before GC invocations=12 (full 0):
 garbage-first heap   total 86016K, used 28348K [0x0000000082800000, 0x0000000100000000)
  region size 1024K, 4 young (4096K), 1 survivors (1024K)
 Metaspace       used 23318K, committed 23680K, reserved 1114112K
  class space    used 2521K, committed 2688K, reserved 1048576K
}
Event: 347.291 GC heap after
{Heap after GC invocations=13 (full 0):
 garbage-first heap   total 86016K, used 26478K [0x0000000082800000, 0x0000000100000000)
  region size 1024K, 1 young (1024K), 1 survivors (1024K)
 Metaspace       used 23318K, committed 23680K, reserved 1114112K
  class space    used 2521K, committed 2688K, reserved 1048576K
}
Event: 347.403 GC heap before
{Heap before GC invocations=13 (full 0):
 garbage-first heap   total 86016K, used 29550K [0x0000000082800000, 0x0000000100000000)
  region size 1024K, 4 young (4096K), 1 survivors (1024K)
 Metaspace       used 23320K, committed 23680K, reserved 1114112K
  class space    used 2521K, committed 2688K, reserved 1048576K
}
Event: 347.432 GC heap after
{Heap after GC invocations=14 (full 0):
 garbage-first heap   total 86016K, used 27334K [0x0000000082800000, 0x0000000100000000)
  region size 1024K, 1 young (1024K), 1 survivors (1024K)
 Metaspace       used 23320K, committed 23680K, reserved 1114112K
  class space    used 2521K, committed 2688K, reserved 1048576K
}
Event: 347.746 GC heap before
{Heap before GC invocations=14 (full 0):
 garbage-first heap   total 86016K, used 29382K [0x0000000082800000, 0x0000000100000000)
  region size 1024K, 4 young (4096K), 1 survivors (1024K)
 Metaspace       used 23338K, committed 23680K, reserved 1114112K
  class space    used 2521K, committed 2688K, reserved 1048576K
}
Event: 347.749 GC heap after
{Heap after GC invocations=15 (full 0):
 garbage-first heap   total 86016K, used 28381K [0x0000000082800000, 0x0000000100000000)
  region size 1024K, 1 young (1024K), 1 survivors (1024K)
 Metaspace       used 23338K, committed 23680K, reserved 1114112K
  class space    used 2521K, committed 2688K, reserved 1048576K
}
Event: 349.493 GC heap before
{Heap before GC invocations=15 (full 0):
 garbage-first heap   total 86016K, used 35549K [0x0000000082800000, 0x0000000100000000)
  region size 1024K, 9 young (9216K), 1 survivors (1024K)
 Metaspace       used 23354K, committed 23680K, reserved 1114112K
  class space    used 2521K, committed 2688K, reserved 1048576K
}
Event: 349.679 GC heap after
{Heap after GC invocations=16 (full 0):
 garbage-first heap   total 86016K, used 30941K [0x0000000082800000, 0x0000000100000000)
  region size 1024K, 2 young (2048K), 2 survivors (2048K)
 Metaspace       used 23354K, committed 23680K, reserved 1114112K
  class space    used 2521K, committed 2688K, reserved 1048576K
}
Event: 350.605 GC heap before
{Heap before GC invocations=16 (full 0):
 garbage-first heap   total 86016K, used 37085K [0x0000000082800000, 0x0000000100000000)
  region size 1024K, 8 young (8192K), 2 survivors (2048K)
 Metaspace       used 23554K, committed 23872K, reserved 1114112K
  class space    used 2545K, committed 2688K, reserved 1048576K
}
Event: 350.622 GC heap after
{Heap after GC invocations=17 (full 0):
 garbage-first heap   total 227328K, used 32295K [0x0000000082800000, 0x0000000100000000)
  region size 1024K, 1 young (1024K), 1 survivors (1024K)
 Metaspace       used 23554K, committed 23872K, reserved 1114112K
  class space    used 2545K, committed 2688K, reserved 1048576K
}
Event: 351.274 GC heap before
{Heap before GC invocations=17 (full 0):
 garbage-first heap   total 227328K, used 46631K [0x0000000082800000, 0x0000000100000000)
  region size 1024K, 16 young (16384K), 1 survivors (1024K)
 Metaspace       used 23906K, committed 24256K, reserved 1114112K
  class space    used 2582K, committed 2752K, reserved 1048576K
}
Event: 351.322 GC heap after
{Heap after GC invocations=18 (full 0):
 garbage-first heap   total 227328K, used 35025K [0x0000000082800000, 0x0000000100000000)
  region size 1024K, 2 young (2048K), 2 survivors (2048K)
 Metaspace       used 23906K, committed 24256K, reserved 1114112K
  class space    used 2582K, committed 2752K, reserved 1048576K
}
Event: 361.865 GC heap before
{Heap before GC invocations=18 (full 0):
 garbage-first heap   total 227328K, used 55505K [0x0000000082800000, 0x0000000100000000)
  region size 1024K, 22 young (22528K), 2 survivors (2048K)
 Metaspace       used 24989K, committed 25344K, reserved 1114112K
  class space    used 2666K, committed 2816K, reserved 1048576K
}
Event: 362.510 GC heap after
{Heap after GC invocations=19 (full 0):
 garbage-first heap   total 227328K, used 38879K [0x0000000082800000, 0x0000000100000000)
  region size 1024K, 3 young (3072K), 3 survivors (3072K)
 Metaspace       used 24989K, committed 25344K, reserved 1114112K
  class space    used 2666K, committed 2816K, reserved 1048576K
}
Event: 378.355 GC heap before
{Heap before GC invocations=19 (full 0):
 garbage-first heap   total 227328K, used 59359K [0x0000000082800000, 0x0000000100000000)
  region size 1024K, 24 young (24576K), 3 survivors (3072K)
 Metaspace       used 26082K, committed 26432K, reserved 1114112K
  class space    used 2793K, committed 2944K, reserved 1048576K
}
Event: 378.364 GC heap after
{Heap after GC invocations=20 (full 0):
 garbage-first heap   total 227328K, used 39647K [0x0000000082800000, 0x0000000100000000)
  region size 1024K, 1 young (1024K), 1 survivors (1024K)
 Metaspace       used 26082K, committed 26432K, reserved 1114112K
  class space    used 2793K, committed 2944K, reserved 1048576K
}
Event: 384.832 GC heap before
{Heap before GC invocations=20 (full 0):
 garbage-first heap   total 227328K, used 86751K [0x0000000082800000, 0x0000000100000000)
  region size 1024K, 48 young (49152K), 1 survivors (1024K)
 Metaspace       used 26770K, committed 27200K, reserved 1114112K
  class space    used 2871K, committed 3072K, reserved 1048576K
}
Event: 385.580 GC heap after
{Heap after GC invocations=21 (full 0):
 garbage-first heap   total 227328K, used 39936K [0x0000000082800000, 0x0000000100000000)
  region size 1024K, 1 young (1024K), 1 survivors (1024K)
 Metaspace       used 26770K, committed 27200K, reserved 1114112K
  class space    used 2871K, committed 3072K, reserved 1048576K
}

