# JRE version: Java(TM) SE Runtime Environment (19.0+36) (build 19+36-2238)
# Java VM: Java HotSpot(TM) 64-Bit Server VM (19+36-2238, mixed mode, sharing, tiered, compressed oops, compressed class ptrs, g1 gc, windows-amd64)
GC Precious Log:
 CardTable entry size: 512
 Card Set container configuration: InlinePtr #cards 5 size 8 Array Of Cards #cards 12 size 40 Howl #buckets 4 coarsen threshold 1843 Howl Bitmap #cards 512 size 80 coarsen threshold 460 Card regions per heap region 1 cards per card region 2048
 CPUs: 8 total, 8 available
 Memory: 8029M
 Large Page Support: Disabled
 NUMA Support: Disabled
 Compressed Oops: Enabled (32-bit)
 Heap Region Size: 1M
 Heap Min Capacity: 8M
 Heap Initial Capacity: 126M
 Heap Max Capacity: 2008M
 Pre-touch: Disabled
 Parallel Workers: 8
 Concurrent Workers: 2
 Concurrent Refinement Workers: 8
 Periodic GC: Disabled
Heap:
 garbage-first heap   total 71680K, used 27675K [0x0000000082800000, 0x0000000100000000)
  region size 1024K, 12 young (12288K), 3 survivors (3072K)
 Metaspace       used 42923K, committed 43392K, reserved 1114112K
  class space    used 5530K, committed 5760K, reserved 1048576K
GC Heap History (10 events):
Event: 1.418 GC heap before
{Heap before GC invocations=0 (full 0):
 garbage-first heap   total 129024K, used 23552K [0x0000000082800000, 0x0000000100000000)
  region size 1024K, 23 young (23552K), 0 survivors (0K)
 Metaspace       used 5144K, committed 5312K, reserved 1114112K
  class space    used 609K, committed 704K, reserved 1048576K
}
Event: 1.493 GC heap after
{Heap after GC invocations=1 (full 0):
 garbage-first heap   total 129024K, used 8096K [0x0000000082800000, 0x0000000100000000)
  region size 1024K, 3 young (3072K), 3 survivors (3072K)
 Metaspace       used 5144K, committed 5312K, reserved 1114112K
  class space    used 609K, committed 704K, reserved 1048576K
}
Event: 6.956 GC heap before
{Heap before GC invocations=1 (full 0):
 garbage-first heap   total 129024K, used 34720K [0x0000000082800000, 0x0000000100000000)
  region size 1024K, 29 young (29696K), 3 survivors (3072K)
 Metaspace       used 12346K, committed 12608K, reserved 1114112K
  class space    used 1528K, committed 1664K, reserved 1048576K
}
Event: 6.981 GC heap after
{Heap after GC invocations=2 (full 0):
 garbage-first heap   total 129024K, used 10592K [0x0000000082800000, 0x0000000100000000)
  region size 1024K, 3 young (3072K), 3 survivors (3072K)
 Metaspace       used 12346K, committed 12608K, reserved 1114112K
  class space    used 1528K, committed 1664K, reserved 1048576K
}
Event: 13.986 GC heap before
{Heap before GC invocations=2 (full 0):
 garbage-first heap   total 129024K, used 48480K [0x0000000082800000, 0x0000000100000000)
  region size 1024K, 42 young (43008K), 3 survivors (3072K)
 Metaspace       used 21340K, committed 21504K, reserved 1114112K
  class space    used 2662K, committed 2752K, reserved 1048576K
}
Event: 13.994 GC heap after
{Heap after GC invocations=3 (full 0):
 garbage-first heap   total 129024K, used 13414K [0x0000000082800000, 0x0000000100000000)
  region size 1024K, 6 young (6144K), 6 survivors (6144K)
 Metaspace       used 21340K, committed 21504K, reserved 1114112K
  class space    used 2662K, committed 2752K, reserved 1048576K
}
Event: 32.487 GC heap before
{Heap before GC invocations=4 (full 0):
 garbage-first heap   total 68608K, used 67686K [0x0000000082800000, 0x0000000100000000)
  region size 1024K, 59 young (60416K), 6 survivors (6144K)
 Metaspace       used 29723K, committed 30144K, reserved 1114112K
  class space    used 3822K, committed 4032K, reserved 1048576K
}
Event: 32.656 GC heap after
{Heap after GC invocations=5 (full 0):
 garbage-first heap   total 77824K, used 17224K [0x0000000082800000, 0x0000000100000000)
  region size 1024K, 9 young (9216K), 9 survivors (9216K)
 Metaspace       used 29723K, committed 30144K, reserved 1114112K
  class space    used 3822K, committed 4032K, reserved 1048576K
}
Event: 45.214 GC heap before
{Heap before GC invocations=5 (full 0):
 garbage-first heap   total 77824K, used 45896K [0x0000000082800000, 0x0000000100000000)
  region size 1024K, 38 young (38912K), 9 survivors (9216K)
 Metaspace       used 37545K, committed 38016K, reserved 1114112K
  class space    used 4863K, committed 5120K, reserved 1048576K
}
Event: 45.281 GC heap after
{Heap after GC invocations=6 (full 0):
 garbage-first heap   total 77824K, used 19483K [0x0000000082800000, 0x0000000100000000)
  region size 1024K, 3 young (3072K), 3 survivors (3072K)
 Metaspace       used 37545K, committed 38016K, reserved 1114112K
  class space    used 4863K, committed 5120K, reserved 1048576K
}

