# JRE version: Java(TM) SE Runtime Environment (19.0+36) (build 19+36-2238)
# Java VM: Java HotSpot(TM) 64-Bit Server VM (19+36-2238, mixed mode, sharing, tiered, compressed oops, compressed class ptrs, g1 gc, windows-amd64)
GC Precious Log:
 CardTable entry size: 512
 Card Set container configuration: InlinePtr #cards 5 size 8 Array Of Cards #cards 12 size 40 Howl #buckets 4 coarsen threshold 1843 Howl Bitmap #cards 512 size 80 coarsen threshold 460 Card regions per heap region 1 cards per card region 2048
 CPUs: 8 total, 8 available
 Memory: 8029M
 Large Page Support: Disabled
 NUMA Support: Disabled
 Compressed Oops: Enabled (32-bit)
 Heap Region Size: 1M
 Heap Min Capacity: 8M
 Heap Initial Capacity: 126M
 Heap Max Capacity: 2008M
 Pre-touch: Disabled
 Parallel Workers: 8
 Concurrent Workers: 2
 Concurrent Refinement Workers: 8
 Periodic GC: Disabled
Heap:
 garbage-first heap   total 136192K, used 57966K [0x0000000082800000, 0x0000000100000000)
  region size 1024K, 24 young (24576K), 3 survivors (3072K)
 Metaspace       used 26118K, committed 26560K, reserved 1114112K
  class space    used 2800K, committed 3008K, reserved 1048576K
GC Heap History (20 events):
Event: 326.428 GC heap before
{Heap before GC invocations=4 (full 0):
 garbage-first heap   total 129024K, used 33549K [0x0000000082800000, 0x0000000100000000)
  region size 1024K, 21 young (21504K), 1 survivors (1024K)
 Metaspace       used 14405K, committed 14656K, reserved 1114112K
  class space    used 1549K, committed 1664K, reserved 1048576K
}
Event: 326.546 GC heap after
{Heap after GC invocations=5 (full 0):
 garbage-first heap   total 129024K, used 14480K [0x0000000082800000, 0x0000000100000000)
  region size 1024K, 2 young (2048K), 2 survivors (2048K)
 Metaspace       used 14405K, committed 14656K, reserved 1114112K
  class space    used 1549K, committed 1664K, reserved 1048576K
}
Event: 351.208 GC heap before
{Heap before GC invocations=5 (full 0):
 garbage-first heap   total 129024K, used 66704K [0x0000000082800000, 0x0000000100000000)
  region size 1024K, 21 young (21504K), 2 survivors (2048K)
 Metaspace       used 17074K, committed 17408K, reserved 1114112K
  class space    used 1827K, committed 1984K, reserved 1048576K
}
Event: 351.402 GC heap after
{Heap after GC invocations=6 (full 0):
 garbage-first heap   total 129024K, used 15479K [0x0000000082800000, 0x0000000100000000)
  region size 1024K, 3 young (3072K), 3 survivors (3072K)
 Metaspace       used 17074K, committed 17408K, reserved 1114112K
  class space    used 1827K, committed 1984K, reserved 1048576K
}
Event: 352.579 GC heap before
{Heap before GC invocations=6 (full 0):
 garbage-first heap   total 129024K, used 18551K [0x0000000082800000, 0x0000000100000000)
  region size 1024K, 7 young (7168K), 3 survivors (3072K)
 Metaspace       used 21174K, committed 21504K, reserved 1114112K
  class space    used 2328K, committed 2496K, reserved 1048576K
}
Event: 352.589 GC heap after
{Heap after GC invocations=7 (full 0):
 garbage-first heap   total 129024K, used 16592K [0x0000000082800000, 0x0000000100000000)
  region size 1024K, 3 young (3072K), 3 survivors (3072K)
 Metaspace       used 21174K, committed 21504K, reserved 1114112K
  class space    used 2328K, committed 2496K, reserved 1048576K
}
Event: 359.929 GC heap before
{Heap before GC invocations=8 (full 0):
 garbage-first heap   total 61440K, used 41168K [0x0000000082800000, 0x0000000100000000)
  region size 1024K, 26 young (26624K), 3 survivors (3072K)
 Metaspace       used 23266K, committed 23616K, reserved 1114112K
  class space    used 2525K, committed 2688K, reserved 1048576K
}
Event: 360.464 GC heap after
{Heap after GC invocations=9 (full 0):
 garbage-first heap   total 61440K, used 27726K [0x0000000082800000, 0x0000000100000000)
  region size 1024K, 4 young (4096K), 4 survivors (4096K)
 Metaspace       used 23266K, committed 23616K, reserved 1114112K
  class space    used 2525K, committed 2688K, reserved 1048576K
}
Event: 365.457 GC heap before
{Heap before GC invocations=9 (full 0):
 garbage-first heap   total 61440K, used 41038K [0x0000000082800000, 0x0000000100000000)
  region size 1024K, 17 young (17408K), 4 survivors (4096K)
 Metaspace       used 23478K, committed 23808K, reserved 1114112K
  class space    used 2548K, committed 2688K, reserved 1048576K
}
Event: 365.975 GC heap after
{Heap after GC invocations=10 (full 0):
 garbage-first heap   total 61440K, used 31728K [0x0000000082800000, 0x0000000100000000)
  region size 1024K, 3 young (3072K), 3 survivors (3072K)
 Metaspace       used 23478K, committed 23808K, reserved 1114112K
  class space    used 2548K, committed 2688K, reserved 1048576K
}
Event: 366.140 GC heap before
{Heap before GC invocations=10 (full 0):
 garbage-first heap   total 61440K, used 32752K [0x0000000082800000, 0x0000000100000000)
  region size 1024K, 4 young (4096K), 3 survivors (3072K)
 Metaspace       used 23492K, committed 23872K, reserved 1114112K
  class space    used 2548K, committed 2688K, reserved 1048576K
}
Event: 366.930 GC heap after
{Heap after GC invocations=11 (full 0):
 garbage-first heap   total 61440K, used 32399K [0x0000000082800000, 0x0000000100000000)
  region size 1024K, 1 young (1024K), 1 survivors (1024K)
 Metaspace       used 23492K, committed 23872K, reserved 1114112K
  class space    used 2548K, committed 2688K, reserved 1048576K
}
Event: 367.408 GC heap before
{Heap before GC invocations=12 (full 0):
 garbage-first heap   total 61440K, used 34447K [0x0000000082800000, 0x0000000100000000)
  region size 1024K, 3 young (3072K), 1 survivors (1024K)
 Metaspace       used 23522K, committed 23936K, reserved 1114112K
  class space    used 2550K, committed 2752K, reserved 1048576K
}
Event: 367.409 GC heap after
{Heap after GC invocations=13 (full 0):
 garbage-first heap   total 61440K, used 32611K [0x0000000082800000, 0x0000000100000000)
  region size 1024K, 1 young (1024K), 1 survivors (1024K)
 Metaspace       used 23522K, committed 23936K, reserved 1114112K
  class space    used 2550K, committed 2752K, reserved 1048576K
}
Event: 368.848 GC heap before
{Heap before GC invocations=13 (full 0):
 garbage-first heap   total 61440K, used 34659K [0x0000000082800000, 0x0000000100000000)
  region size 1024K, 3 young (3072K), 1 survivors (1024K)
 Metaspace       used 23701K, committed 24064K, reserved 1114112K
  class space    used 2569K, committed 2752K, reserved 1048576K
}
Event: 369.002 GC heap after
{Heap after GC invocations=14 (full 0):
 garbage-first heap   total 136192K, used 32349K [0x0000000082800000, 0x0000000100000000)
  region size 1024K, 1 young (1024K), 1 survivors (1024K)
 Metaspace       used 23701K, committed 24064K, reserved 1114112K
  class space    used 2569K, committed 2752K, reserved 1048576K
}
Event: 369.800 GC heap before
{Heap before GC invocations=14 (full 0):
 garbage-first heap   total 136192K, used 45661K [0x0000000082800000, 0x0000000100000000)
  region size 1024K, 15 young (15360K), 1 survivors (1024K)
 Metaspace       used 23939K, committed 24320K, reserved 1114112K
  class space    used 2584K, committed 2752K, reserved 1048576K
}
Event: 369.808 GC heap after
{Heap after GC invocations=15 (full 0):
 garbage-first heap   total 136192K, used 34726K [0x0000000082800000, 0x0000000100000000)
  region size 1024K, 2 young (2048K), 2 survivors (2048K)
 Metaspace       used 23939K, committed 24320K, reserved 1114112K
  class space    used 2584K, committed 2752K, reserved 1048576K
}
Event: 378.323 GC heap before
{Heap before GC invocations=15 (full 0):
 garbage-first heap   total 136192K, used 57254K [0x0000000082800000, 0x0000000100000000)
  region size 1024K, 24 young (24576K), 2 survivors (2048K)
 Metaspace       used 25016K, committed 25408K, reserved 1114112K
  class space    used 2689K, committed 2880K, reserved 1048576K
}
Event: 378.341 GC heap after
{Heap after GC invocations=16 (full 0):
 garbage-first heap   total 136192K, used 38510K [0x0000000082800000, 0x0000000100000000)
  region size 1024K, 3 young (3072K), 3 survivors (3072K)
 Metaspace       used 25016K, committed 25408K, reserved 1114112K
  class space    used 2689K, committed 2880K, reserved 1048576K
}

