# JRE version: Java(TM) SE Runtime Environment (19.0+36) (build 19+36-2238)
# Java VM: Java HotSpot(TM) 64-Bit Server VM (19+36-2238, mixed mode, sharing, tiered, compressed oops, compressed class ptrs, g1 gc, windows-amd64)
GC Precious Log:
 CardTable entry size: 512
 Card Set container configuration: InlinePtr #cards 5 size 8 Array Of Cards #cards 12 size 40 Howl #buckets 4 coarsen threshold 1843 Howl Bitmap #cards 512 size 80 coarsen threshold 460 Card regions per heap region 1 cards per card region 2048
 CPUs: 8 total, 8 available
 Memory: 8029M
 Large Page Support: Disabled
 NUMA Support: Disabled
 Compressed Oops: Enabled (32-bit)
 Heap Region Size: 1M
 Heap Min Capacity: 8M
 Heap Initial Capacity: 126M
 Heap Max Capacity: 2008M
 Pre-touch: Disabled
 Parallel Workers: 8
 Concurrent Workers: 2
 Concurrent Refinement Workers: 8
 Periodic GC: Disabled
Heap:
 garbage-first heap   total 129024K, used 13184K [0x0000000082800000, 0x0000000100000000)
  region size 1024K, 11 young (11264K), 10 survivors (10240K)
 Metaspace       used 13421K, committed 13696K, reserved 1114112K
  class space    used 1466K, committed 1600K, reserved 1048576K
GC Heap History (6 events):
Event: 2.265 GC heap before
{Heap before GC invocations=0 (full 0):
 garbage-first heap   total 129024K, used 23552K [0x0000000082800000, 0x0000000100000000)
  region size 1024K, 23 young (23552K), 0 survivors (0K)
 Metaspace       used 4979K, committed 5120K, reserved 1114112K
  class space    used 561K, committed 640K, reserved 1048576K
}
Event: 3.632 GC heap after
{Heap after GC invocations=1 (full 0):
 garbage-first heap   total 129024K, used 3720K [0x0000000082800000, 0x0000000100000000)
  region size 1024K, 3 young (3072K), 3 survivors (3072K)
 Metaspace       used 4979K, committed 5120K, reserved 1114112K
  class space    used 561K, committed 640K, reserved 1048576K
}
Event: 5.263 GC heap before
{Heap before GC invocations=1 (full 0):
 garbage-first heap   total 129024K, used 34440K [0x0000000082800000, 0x0000000100000000)
  region size 1024K, 34 young (34816K), 3 survivors (3072K)
 Metaspace       used 10402K, committed 10688K, reserved 1114112K
  class space    used 1229K, committed 1344K, reserved 1048576K
}
Event: 5.272 GC heap after
{Heap after GC invocations=2 (full 0):
 garbage-first heap   total 129024K, used 6025K [0x0000000082800000, 0x0000000100000000)
  region size 1024K, 3 young (3072K), 3 survivors (3072K)
 Metaspace       used 10402K, committed 10688K, reserved 1114112K
  class space    used 1229K, committed 1344K, reserved 1048576K
}
Event: 230.591 GC heap before
{Heap before GC invocations=2 (full 0):
 garbage-first heap   total 129024K, used 79753K [0x0000000082800000, 0x0000000100000000)
  region size 1024K, 75 young (76800K), 3 survivors (3072K)
 Metaspace       used 13417K, committed 13696K, reserved 1114112K
  class space    used 1466K, committed 1600K, reserved 1048576K
}
Event: 232.048 GC heap after
{Heap after GC invocations=3 (full 0):
 garbage-first heap   total 129024K, used 13184K [0x0000000082800000, 0x0000000100000000)
  region size 1024K, 10 young (10240K), 10 survivors (10240K)
 Metaspace       used 13417K, committed 13696K, reserved 1114112K
  class space    used 1466K, committed 1600K, reserved 1048576K
}

