# JRE version: Java(TM) SE Runtime Environment (19.0+36) (build 19+36-2238)
# Java VM: Java HotSpot(TM) 64-Bit Server VM (19+36-2238, mixed mode, sharing, tiered, compressed oops, compressed class ptrs, g1 gc, windows-amd64)
GC Precious Log:
 CardTable entry size: 512
 Card Set container configuration: InlinePtr #cards 5 size 8 Array Of Cards #cards 12 size 40 Howl #buckets 4 coarsen threshold 1843 Howl Bitmap #cards 512 size 80 coarsen threshold 460 Card regions per heap region 1 cards per card region 2048
 CPUs: 8 total, 8 available
 Memory: 8029M
 Large Page Support: Disabled
 NUMA Support: Disabled
 Compressed Oops: Enabled (32-bit)
 Heap Region Size: 1M
 Heap Min Capacity: 8M
 Heap Initial Capacity: 126M
 Heap Max Capacity: 2008M
 Pre-touch: Disabled
 Parallel Workers: 8
 Concurrent Workers: 2
 Concurrent Refinement Workers: 8
 Periodic GC: Disabled
Heap:
 garbage-first heap   total 130048K, used 38886K [0x0000000082800000, 0x0000000100000000)
  region size 1024K, 1 young (1024K), 1 survivors (1024K)
 Metaspace       used 26679K, committed 27136K, reserved 1114112K
  class space    used 2870K, committed 3072K, reserved 1048576K
GC Heap History (20 events):
Event: 358.786 GC heap after
{Heap after GC invocations=18 (full 0):
 garbage-first heap   total 68608K, used 38830K [0x0000000082800000, 0x0000000100000000)
  region size 1024K, 1 young (1024K), 1 survivors (1024K)
 Metaspace       used 24691K, committed 25024K, reserved 1114112K
  class space    used 2645K, committed 2816K, reserved 1048576K
}
Event: 367.791 GC heap before
{Heap before GC invocations=18 (full 0):
 garbage-first heap   total 68608K, used 52142K [0x0000000082800000, 0x0000000100000000)
  region size 1024K, 15 young (15360K), 1 survivors (1024K)
 Metaspace       used 25502K, committed 25920K, reserved 1114112K
  class space    used 2740K, committed 2944K, reserved 1048576K
}
Event: 367.878 GC heap after
{Heap after GC invocations=19 (full 0):
 garbage-first heap   total 68608K, used 38728K [0x0000000082800000, 0x0000000100000000)
  region size 1024K, 1 young (1024K), 1 survivors (1024K)
 Metaspace       used 25502K, committed 25920K, reserved 1114112K
  class space    used 2740K, committed 2944K, reserved 1048576K
}
Event: 375.721 GC heap before
{Heap before GC invocations=20 (full 0):
 garbage-first heap   total 68608K, used 53064K [0x0000000082800000, 0x0000000100000000)
  region size 1024K, 16 young (16384K), 1 survivors (1024K)
 Metaspace       used 26149K, committed 26624K, reserved 1114112K
  class space    used 2801K, committed 3008K, reserved 1048576K
}
Event: 377.232 GC heap after
{Heap after GC invocations=21 (full 0):
 garbage-first heap   total 68608K, used 38901K [0x0000000082800000, 0x0000000100000000)
  region size 1024K, 1 young (1024K), 1 survivors (1024K)
 Metaspace       used 26149K, committed 26624K, reserved 1114112K
  class space    used 2801K, committed 3008K, reserved 1048576K
}
Event: 377.799 GC heap before
{Heap before GC invocations=21 (full 0):
 garbage-first heap   total 68608K, used 39925K [0x0000000082800000, 0x0000000100000000)
  region size 1024K, 3 young (3072K), 1 survivors (1024K)
 Metaspace       used 26251K, committed 26688K, reserved 1114112K
  class space    used 2813K, committed 3008K, reserved 1048576K
}
Event: 378.963 GC heap after
{Heap after GC invocations=22 (full 0):
 garbage-first heap   total 130048K, used 38332K [0x0000000082800000, 0x0000000100000000)
  region size 1024K, 1 young (1024K), 1 survivors (1024K)
 Metaspace       used 26251K, committed 26688K, reserved 1114112K
  class space    used 2813K, committed 3008K, reserved 1048576K
}
Event: 380.697 GC heap before
{Heap before GC invocations=22 (full 0):
 garbage-first heap   total 130048K, used 42428K [0x0000000082800000, 0x0000000100000000)
  region size 1024K, 6 young (6144K), 1 survivors (1024K)
 Metaspace       used 26517K, committed 26944K, reserved 1114112K
  class space    used 2859K, committed 3072K, reserved 1048576K
}
Event: 380.700 GC heap after
{Heap after GC invocations=23 (full 0):
 garbage-first heap   total 130048K, used 38591K [0x0000000082800000, 0x0000000100000000)
  region size 1024K, 1 young (1024K), 1 survivors (1024K)
 Metaspace       used 26517K, committed 26944K, reserved 1114112K
  class space    used 2859K, committed 3072K, reserved 1048576K
}
Event: 381.758 GC heap before
{Heap before GC invocations=23 (full 0):
 garbage-first heap   total 130048K, used 42687K [0x0000000082800000, 0x0000000100000000)
  region size 1024K, 6 young (6144K), 1 survivors (1024K)
 Metaspace       used 26567K, committed 27008K, reserved 1114112K
  class space    used 2866K, committed 3072K, reserved 1048576K
}
Event: 381.859 GC heap after
{Heap after GC invocations=24 (full 0):
 garbage-first heap   total 130048K, used 38646K [0x0000000082800000, 0x0000000100000000)
  region size 1024K, 1 young (1024K), 1 survivors (1024K)
 Metaspace       used 26567K, committed 27008K, reserved 1114112K
  class space    used 2866K, committed 3072K, reserved 1048576K
}
Event: 382.152 GC heap before
{Heap before GC invocations=24 (full 0):
 garbage-first heap   total 130048K, used 43766K [0x0000000082800000, 0x0000000100000000)
  region size 1024K, 6 young (6144K), 1 survivors (1024K)
 Metaspace       used 26591K, committed 27008K, reserved 1114112K
  class space    used 2867K, committed 3072K, reserved 1048576K
}
Event: 382.155 GC heap after
{Heap after GC invocations=25 (full 0):
 garbage-first heap   total 130048K, used 38671K [0x0000000082800000, 0x0000000100000000)
  region size 1024K, 1 young (1024K), 1 survivors (1024K)
 Metaspace       used 26591K, committed 27008K, reserved 1114112K
  class space    used 2867K, committed 3072K, reserved 1048576K
}
Event: 382.342 GC heap before
{Heap before GC invocations=25 (full 0):
 garbage-first heap   total 130048K, used 43791K [0x0000000082800000, 0x0000000100000000)
  region size 1024K, 6 young (6144K), 1 survivors (1024K)
 Metaspace       used 26634K, committed 27136K, reserved 1114112K
  class space    used 2869K, committed 3072K, reserved 1048576K
}
Event: 382.343 GC heap after
{Heap after GC invocations=26 (full 0):
 garbage-first heap   total 130048K, used 38695K [0x0000000082800000, 0x0000000100000000)
  region size 1024K, 1 young (1024K), 1 survivors (1024K)
 Metaspace       used 26634K, committed 27136K, reserved 1114112K
  class space    used 2869K, committed 3072K, reserved 1048576K
}
Event: 382.376 GC heap before
{Heap before GC invocations=26 (full 0):
 garbage-first heap   total 130048K, used 43815K [0x0000000082800000, 0x0000000100000000)
  region size 1024K, 6 young (6144K), 1 survivors (1024K)
 Metaspace       used 26655K, committed 27136K, reserved 1114112K
  class space    used 2869K, committed 3072K, reserved 1048576K
}
Event: 382.877 GC heap after
{Heap after GC invocations=27 (full 0):
 garbage-first heap   total 130048K, used 38769K [0x0000000082800000, 0x0000000100000000)
  region size 1024K, 1 young (1024K), 1 survivors (1024K)
 Metaspace       used 26655K, committed 27136K, reserved 1114112K
  class space    used 2869K, committed 3072K, reserved 1048576K
}
Event: 383.792 GC heap before
{Heap before GC invocations=27 (full 0):
 garbage-first heap   total 130048K, used 43889K [0x0000000082800000, 0x0000000100000000)
  region size 1024K, 6 young (6144K), 1 survivors (1024K)
 Metaspace       used 26658K, committed 27136K, reserved 1114112K
  class space    used 2870K, committed 3072K, reserved 1048576K
}
Event: 383.923 GC heap after
{Heap after GC invocations=28 (full 0):
 garbage-first heap   total 130048K, used 38819K [0x0000000082800000, 0x0000000100000000)
  region size 1024K, 1 young (1024K), 1 survivors (1024K)
 Metaspace       used 26658K, committed 27136K, reserved 1114112K
  class space    used 2870K, committed 3072K, reserved 1048576K
}
Event: 384.299 GC heap before
{Heap before GC invocations=28 (full 0):
 garbage-first heap   total 130048K, used 43939K [0x0000000082800000, 0x0000000100000000)
  region size 1024K, 6 young (6144K), 1 survivors (1024K)
 Metaspace       used 26679K, committed 27136K, reserved 1114112K
  class space    used 2870K, committed 3072K, reserved 1048576K
}

