# JRE version: Java(TM) SE Runtime Environment (19.0+36) (build 19+36-2238)
# Java VM: Java HotSpot(TM) 64-Bit Server VM (19+36-2238, mixed mode, sharing, tiered, compressed oops, compressed class ptrs, g1 gc, windows-amd64)
GC Precious Log:
 CardTable entry size: 512
 Card Set container configuration: InlinePtr #cards 5 size 8 Array Of Cards #cards 12 size 40 Howl #buckets 4 coarsen threshold 1843 Howl Bitmap #cards 512 size 80 coarsen threshold 460 Card regions per heap region 1 cards per card region 2048
 CPUs: 8 total, 8 available
 Memory: 8029M
 Large Page Support: Disabled
 NUMA Support: Disabled
 Compressed Oops: Enabled (32-bit)
 Heap Region Size: 1M
 Heap Min Capacity: 8M
 Heap Initial Capacity: 126M
 Heap Max Capacity: 2008M
 Pre-touch: Disabled
 Parallel Workers: 8
 Concurrent Workers: 2
 Concurrent Refinement Workers: 8
 Periodic GC: Disabled
Heap:
 garbage-first heap   total 129024K, used 56183K [0x0000000082800000, 0x0000000100000000)
  region size 1024K, 11 young (11264K), 1 survivors (1024K)
 Metaspace       used 14933K, committed 15232K, reserved 1114112K
  class space    used 1591K, committed 1728K, reserved 1048576K
GC Heap History (10 events):
Event: 9.335 GC heap before
{Heap before GC invocations=0 (full 0):
 garbage-first heap   total 129024K, used 22528K [0x0000000082800000, 0x0000000100000000)
  region size 1024K, 23 young (23552K), 0 survivors (0K)
 Metaspace       used 4973K, committed 5120K, reserved 1114112K
  class space    used 563K, committed 640K, reserved 1048576K
}
Event: 9.898 GC heap after
{Heap after GC invocations=1 (full 0):
 garbage-first heap   total 129024K, used 3480K [0x0000000082800000, 0x0000000100000000)
  region size 1024K, 3 young (3072K), 3 survivors (3072K)
 Metaspace       used 4973K, committed 5120K, reserved 1114112K
  class space    used 563K, committed 640K, reserved 1048576K
}
Event: 11.865 GC heap before
{Heap before GC invocations=1 (full 0):
 garbage-first heap   total 129024K, used 34200K [0x0000000082800000, 0x0000000100000000)
  region size 1024K, 33 young (33792K), 3 survivors (3072K)
 Metaspace       used 10331K, committed 10496K, reserved 1114112K
  class space    used 1210K, committed 1280K, reserved 1048576K
}
Event: 11.874 GC heap after
{Heap after GC invocations=2 (full 0):
 garbage-first heap   total 129024K, used 6005K [0x0000000082800000, 0x0000000100000000)
  region size 1024K, 3 young (3072K), 3 survivors (3072K)
 Metaspace       used 10331K, committed 10496K, reserved 1114112K
  class space    used 1210K, committed 1280K, reserved 1048576K
}
Event: 182.327 GC heap before
{Heap before GC invocations=2 (full 0):
 garbage-first heap   total 129024K, used 79733K [0x0000000082800000, 0x0000000100000000)
  region size 1024K, 75 young (76800K), 3 survivors (3072K)
 Metaspace       used 13514K, committed 13760K, reserved 1114112K
  class space    used 1466K, committed 1600K, reserved 1048576K
}
Event: 183.703 GC heap after
{Heap after GC invocations=3 (full 0):
 garbage-first heap   total 129024K, used 13445K [0x0000000082800000, 0x0000000100000000)
  region size 1024K, 10 young (10240K), 10 survivors (10240K)
 Metaspace       used 13514K, committed 13760K, reserved 1114112K
  class space    used 1466K, committed 1600K, reserved 1048576K
}
Event: 183.948 GC heap before
{Heap before GC invocations=3 (full 0):
 garbage-first heap   total 129024K, used 14469K [0x0000000082800000, 0x0000000100000000)
  region size 1024K, 11 young (11264K), 10 survivors (10240K)
 Metaspace       used 13519K, committed 13760K, reserved 1114112K
  class space    used 1466K, committed 1600K, reserved 1048576K
}
Event: 184.110 GC heap after
{Heap after GC invocations=4 (full 0):
 garbage-first heap   total 129024K, used 14711K [0x0000000082800000, 0x0000000100000000)
  region size 1024K, 2 young (2048K), 2 survivors (2048K)
 Metaspace       used 13519K, committed 13760K, reserved 1114112K
  class space    used 1466K, committed 1600K, reserved 1048576K
}
Event: 192.822 GC heap before
{Heap before GC invocations=4 (full 0):
 garbage-first heap   total 129024K, used 29047K [0x0000000082800000, 0x0000000100000000)
  region size 1024K, 16 young (16384K), 2 survivors (2048K)
 Metaspace       used 13828K, committed 14080K, reserved 1114112K
  class space    used 1480K, committed 1600K, reserved 1048576K
}
Event: 193.215 GC heap after
{Heap after GC invocations=5 (full 0):
 garbage-first heap   total 129024K, used 14199K [0x0000000082800000, 0x0000000100000000)
  region size 1024K, 1 young (1024K), 1 survivors (1024K)
 Metaspace       used 13828K, committed 14080K, reserved 1114112K
  class space    used 1480K, committed 1600K, reserved 1048576K
}

