# JRE version: Java(TM) SE Runtime Environment (19.0+36) (build 19+36-2238)
# Java VM: Java HotSpot(TM) 64-Bit Server VM (19+36-2238, mixed mode, sharing, tiered, compressed oops, compressed class ptrs, g1 gc, windows-amd64)
GC Precious Log:
 CardTable entry size: 512
 Card Set container configuration: InlinePtr #cards 5 size 8 Array Of Cards #cards 12 size 40 Howl #buckets 4 coarsen threshold 1843 Howl Bitmap #cards 512 size 80 coarsen threshold 460 Card regions per heap region 1 cards per card region 2048
 CPUs: 8 total, 8 available
 Memory: 8029M
 Large Page Support: Disabled
 NUMA Support: Disabled
 Compressed Oops: Enabled (32-bit)
 Heap Region Size: 1M
 Heap Min Capacity: 8M
 Heap Initial Capacity: 126M
 Heap Max Capacity: 2008M
 Pre-touch: Disabled
 Parallel Workers: 8
 Concurrent Workers: 2
 Concurrent Refinement Workers: 8
 Periodic GC: Disabled
Heap:
 garbage-first heap   total 236544K, used 83411K [0x0000000082800000, 0x0000000100000000)
  region size 1024K, 43 young (44032K), 3 survivors (3072K)
 Metaspace       used 29018K, committed 29504K, reserved 1114112K
  class space    used 3126K, committed 3392K, reserved 1048576K
GC Heap History (20 events):
Event: 288.272 GC heap before
{Heap before GC invocations=5 (full 0):
 garbage-first heap   total 129024K, used 17031K [0x0000000082800000, 0x0000000100000000)
  region size 1024K, 6 young (6144K), 3 survivors (3072K)
 Metaspace       used 20831K, committed 21120K, reserved 1114112K
  class space    used 2276K, committed 2432K, reserved 1048576K
}
Event: 288.278 GC heap after
{Heap after GC invocations=6 (full 0):
 garbage-first heap   total 129024K, used 15917K [0x0000000082800000, 0x0000000100000000)
  region size 1024K, 1 young (1024K), 1 survivors (1024K)
 Metaspace       used 20831K, committed 21120K, reserved 1114112K
  class space    used 2276K, committed 2432K, reserved 1048576K
}
Event: 288.782 GC heap before
{Heap before GC invocations=6 (full 0):
 garbage-first heap   total 129024K, used 15917K [0x0000000082800000, 0x0000000100000000)
  region size 1024K, 2 young (2048K), 1 survivors (1024K)
 Metaspace       used 21185K, committed 21504K, reserved 1114112K
  class space    used 2328K, committed 2496K, reserved 1048576K
}
Event: 288.833 GC heap after
{Heap after GC invocations=7 (full 0):
 garbage-first heap   total 129024K, used 16294K [0x0000000082800000, 0x0000000100000000)
  region size 1024K, 1 young (1024K), 1 survivors (1024K)
 Metaspace       used 21185K, committed 21504K, reserved 1114112K
  class space    used 2328K, committed 2496K, reserved 1048576K
}
Event: 290.575 GC heap before
{Heap before GC invocations=7 (full 0):
 garbage-first heap   total 129024K, used 22438K [0x0000000082800000, 0x0000000100000000)
  region size 1024K, 6 young (6144K), 1 survivors (1024K)
 Metaspace       used 22467K, committed 22848K, reserved 1114112K
  class space    used 2433K, committed 2624K, reserved 1048576K
}
Event: 290.670 GC heap after
{Heap after GC invocations=8 (full 0):
 garbage-first heap   total 129024K, used 20601K [0x0000000082800000, 0x0000000100000000)
  region size 1024K, 1 young (1024K), 1 survivors (1024K)
 Metaspace       used 22467K, committed 22848K, reserved 1114112K
  class space    used 2433K, committed 2624K, reserved 1048576K
}
Event: 292.105 GC heap before
{Heap before GC invocations=8 (full 0):
 garbage-first heap   total 129024K, used 26745K [0x0000000082800000, 0x0000000100000000)
  region size 1024K, 6 young (6144K), 1 survivors (1024K)
 Metaspace       used 23223K, committed 23552K, reserved 1114112K
  class space    used 2525K, committed 2688K, reserved 1048576K
}
Event: 292.111 GC heap after
{Heap after GC invocations=9 (full 0):
 garbage-first heap   total 129024K, used 23518K [0x0000000082800000, 0x0000000100000000)
  region size 1024K, 1 young (1024K), 1 survivors (1024K)
 Metaspace       used 23223K, committed 23552K, reserved 1114112K
  class space    used 2525K, committed 2688K, reserved 1048576K
}
Event: 293.268 GC heap before
{Heap before GC invocations=9 (full 0):
 garbage-first heap   total 129024K, used 35806K [0x0000000082800000, 0x0000000100000000)
  region size 1024K, 14 young (14336K), 1 survivors (1024K)
 Metaspace       used 23270K, committed 23616K, reserved 1114112K
  class space    used 2525K, committed 2688K, reserved 1048576K
}
Event: 293.280 GC heap after
{Heap after GC invocations=10 (full 0):
 garbage-first heap   total 129024K, used 27180K [0x0000000082800000, 0x0000000100000000)
  region size 1024K, 2 young (2048K), 2 survivors (2048K)
 Metaspace       used 23270K, committed 23616K, reserved 1114112K
  class space    used 2525K, committed 2688K, reserved 1048576K
}
Event: 296.021 GC heap before
{Heap before GC invocations=11 (full 0):
 garbage-first heap   total 129024K, used 46636K [0x0000000082800000, 0x0000000100000000)
  region size 1024K, 22 young (22528K), 2 survivors (2048K)
 Metaspace       used 23694K, committed 24064K, reserved 1114112K
  class space    used 2570K, committed 2752K, reserved 1048576K
}
Event: 296.040 GC heap after
{Heap after GC invocations=12 (full 0):
 garbage-first heap   total 129024K, used 32198K [0x0000000082800000, 0x0000000100000000)
  region size 1024K, 3 young (3072K), 3 survivors (3072K)
 Metaspace       used 23694K, committed 24064K, reserved 1114112K
  class space    used 2570K, committed 2752K, reserved 1048576K
}
Event: 296.181 GC heap before
{Heap before GC invocations=12 (full 0):
 garbage-first heap   total 129024K, used 35270K [0x0000000082800000, 0x0000000100000000)
  region size 1024K, 6 young (6144K), 3 survivors (3072K)
 Metaspace       used 23759K, committed 24128K, reserved 1114112K
  class space    used 2581K, committed 2752K, reserved 1048576K
}
Event: 296.192 GC heap after
{Heap after GC invocations=13 (full 0):
 garbage-first heap   total 236544K, used 32897K [0x0000000082800000, 0x0000000100000000)
  region size 1024K, 1 young (1024K), 1 survivors (1024K)
 Metaspace       used 23759K, committed 24128K, reserved 1114112K
  class space    used 2581K, committed 2752K, reserved 1048576K
}
Event: 297.338 GC heap before
{Heap before GC invocations=13 (full 0):
 garbage-first heap   total 236544K, used 56449K [0x0000000082800000, 0x0000000100000000)
  region size 1024K, 24 young (24576K), 1 survivors (1024K)
 Metaspace       used 24410K, committed 24768K, reserved 1114112K
  class space    used 2627K, committed 2816K, reserved 1048576K
}
Event: 297.446 GC heap after
{Heap after GC invocations=14 (full 0):
 garbage-first heap   total 236544K, used 37544K [0x0000000082800000, 0x0000000100000000)
  region size 1024K, 3 young (3072K), 3 survivors (3072K)
 Metaspace       used 24410K, committed 24768K, reserved 1114112K
  class space    used 2627K, committed 2816K, reserved 1048576K
}
Event: 305.645 GC heap before
{Heap before GC invocations=14 (full 0):
 garbage-first heap   total 236544K, used 72360K [0x0000000082800000, 0x0000000100000000)
  region size 1024K, 38 young (38912K), 3 survivors (3072K)
 Metaspace       used 26311K, committed 26816K, reserved 1114112K
  class space    used 2844K, committed 3072K, reserved 1048576K
}
Event: 305.654 GC heap after
{Heap after GC invocations=15 (full 0):
 garbage-first heap   total 236544K, used 38723K [0x0000000082800000, 0x0000000100000000)
  region size 1024K, 1 young (1024K), 1 survivors (1024K)
 Metaspace       used 26311K, committed 26816K, reserved 1114112K
  class space    used 2844K, committed 3072K, reserved 1048576K
}
Event: 313.513 GC heap before
{Heap before GC invocations=15 (full 0):
 garbage-first heap   total 236544K, used 121667K [0x0000000082800000, 0x0000000100000000)
  region size 1024K, 80 young (81920K), 1 survivors (1024K)
 Metaspace       used 28359K, committed 28800K, reserved 1114112K
  class space    used 3062K, committed 3264K, reserved 1048576K
}
Event: 313.521 GC heap after
{Heap after GC invocations=16 (full 0):
 garbage-first heap   total 236544K, used 41427K [0x0000000082800000, 0x0000000100000000)
  region size 1024K, 3 young (3072K), 3 survivors (3072K)
 Metaspace       used 28359K, committed 28800K, reserved 1114112K
  class space    used 3062K, committed 3264K, reserved 1048576K
}

