# JRE version: Java(TM) SE Runtime Environment (19.0+36) (build 19+36-2238)
# Java VM: Java HotSpot(TM) 64-Bit Server VM (19+36-2238, mixed mode, sharing, tiered, compressed oops, compressed class ptrs, g1 gc, windows-amd64)
GC Precious Log:
 CardTable entry size: 512
 Card Set container configuration: InlinePtr #cards 5 size 8 Array Of Cards #cards 12 size 40 Howl #buckets 4 coarsen threshold 1843 Howl Bitmap #cards 512 size 80 coarsen threshold 460 Card regions per heap region 1 cards per card region 2048
 CPUs: 8 total, 8 available
 Memory: 8029M
 Large Page Support: Disabled
 NUMA Support: Disabled
 Compressed Oops: Enabled (32-bit)
 Heap Region Size: 1M
 Heap Min Capacity: 8M
 Heap Initial Capacity: 126M
 Heap Max Capacity: 2008M
 Pre-touch: Disabled
 Parallel Workers: 8
 Concurrent Workers: 2
 Concurrent Refinement Workers: 8
 Periodic GC: Disabled
Heap:
 garbage-first heap   total 129024K, used 54601K [0x0000000082800000, 0x0000000100000000)
  region size 1024K, 10 young (10240K), 1 survivors (1024K)
 Metaspace       used 14848K, committed 15168K, reserved 1114112K
  class space    used 1590K, committed 1728K, reserved 1048576K
GC Heap History (14 events):
Event: 1.802 GC heap before
{Heap before GC invocations=0 (full 0):
 garbage-first heap   total 129024K, used 23552K [0x0000000082800000, 0x0000000100000000)
  region size 1024K, 23 young (23552K), 0 survivors (0K)
 Metaspace       used 5039K, committed 5184K, reserved 1114112K
  class space    used 569K, committed 640K, reserved 1048576K
}
Event: 1.814 GC heap after
{Heap after GC invocations=1 (full 0):
 garbage-first heap   total 129024K, used 3485K [0x0000000082800000, 0x0000000100000000)
  region size 1024K, 3 young (3072K), 3 survivors (3072K)
 Metaspace       used 5039K, committed 5184K, reserved 1114112K
  class space    used 569K, committed 640K, reserved 1048576K
}
Event: 2.883 GC heap before
{Heap before GC invocations=1 (full 0):
 garbage-first heap   total 129024K, used 33181K [0x0000000082800000, 0x0000000100000000)
  region size 1024K, 32 young (32768K), 3 survivors (3072K)
 Metaspace       used 10179K, committed 10368K, reserved 1114112K
  class space    used 1202K, committed 1280K, reserved 1048576K
}
Event: 2.892 GC heap after
{Heap after GC invocations=2 (full 0):
 garbage-first heap   total 129024K, used 5797K [0x0000000082800000, 0x0000000100000000)
  region size 1024K, 3 young (3072K), 3 survivors (3072K)
 Metaspace       used 10179K, committed 10368K, reserved 1114112K
  class space    used 1202K, committed 1280K, reserved 1048576K
}
Event: 210.265 GC heap before
{Heap before GC invocations=2 (full 0):
 garbage-first heap   total 129024K, used 79525K [0x0000000082800000, 0x0000000100000000)
  region size 1024K, 75 young (76800K), 3 survivors (3072K)
 Metaspace       used 13350K, committed 13632K, reserved 1114112K
  class space    used 1465K, committed 1600K, reserved 1048576K
}
Event: 211.531 GC heap after
{Heap after GC invocations=3 (full 0):
 garbage-first heap   total 129024K, used 13217K [0x0000000082800000, 0x0000000100000000)
  region size 1024K, 10 young (10240K), 10 survivors (10240K)
 Metaspace       used 13350K, committed 13632K, reserved 1114112K
  class space    used 1465K, committed 1600K, reserved 1048576K
}
Event: 212.284 GC heap before
{Heap before GC invocations=3 (full 0):
 garbage-first heap   total 129024K, used 14241K [0x0000000082800000, 0x0000000100000000)
  region size 1024K, 11 young (11264K), 10 survivors (10240K)
 Metaspace       used 13361K, committed 13632K, reserved 1114112K
  class space    used 1465K, committed 1600K, reserved 1048576K
}
Event: 212.853 GC heap after
{Heap after GC invocations=4 (full 0):
 garbage-first heap   total 129024K, used 14383K [0x0000000082800000, 0x0000000100000000)
  region size 1024K, 2 young (2048K), 2 survivors (2048K)
 Metaspace       used 13361K, committed 13632K, reserved 1114112K
  class space    used 1465K, committed 1600K, reserved 1048576K
}
Event: 215.294 GC heap before
{Heap before GC invocations=4 (full 0):
 garbage-first heap   total 129024K, used 18479K [0x0000000082800000, 0x0000000100000000)
  region size 1024K, 6 young (6144K), 2 survivors (2048K)
 Metaspace       used 13386K, committed 13632K, reserved 1114112K
  class space    used 1466K, committed 1600K, reserved 1048576K
}
Event: 215.297 GC heap after
{Heap after GC invocations=5 (full 0):
 garbage-first heap   total 129024K, used 13244K [0x0000000082800000, 0x0000000100000000)
  region size 1024K, 1 young (1024K), 1 survivors (1024K)
 Metaspace       used 13386K, committed 13632K, reserved 1114112K
  class space    used 1466K, committed 1600K, reserved 1048576K
}
Event: 217.865 GC heap before
{Heap before GC invocations=5 (full 0):
 garbage-first heap   total 129024K, used 18364K [0x0000000082800000, 0x0000000100000000)
  region size 1024K, 6 young (6144K), 1 survivors (1024K)
 Metaspace       used 13577K, committed 13824K, reserved 1114112K
  class space    used 1477K, committed 1600K, reserved 1048576K
}
Event: 217.888 GC heap after
{Heap after GC invocations=6 (full 0):
 garbage-first heap   total 129024K, used 13359K [0x0000000082800000, 0x0000000100000000)
  region size 1024K, 1 young (1024K), 1 survivors (1024K)
 Metaspace       used 13577K, committed 13824K, reserved 1114112K
  class space    used 1477K, committed 1600K, reserved 1048576K
}
Event: 223.242 GC heap before
{Heap before GC invocations=6 (full 0):
 garbage-first heap   total 129024K, used 18479K [0x0000000082800000, 0x0000000100000000)
  region size 1024K, 6 young (6144K), 1 survivors (1024K)
 Metaspace       used 13693K, committed 13952K, reserved 1114112K
  class space    used 1479K, committed 1600K, reserved 1048576K
}
Event: 223.258 GC heap after
{Heap after GC invocations=7 (full 0):
 garbage-first heap   total 129024K, used 13641K [0x0000000082800000, 0x0000000100000000)
  region size 1024K, 1 young (1024K), 1 survivors (1024K)
 Metaspace       used 13693K, committed 13952K, reserved 1114112K
  class space    used 1479K, committed 1600K, reserved 1048576K
}

