# JRE version: Java(TM) SE Runtime Environment (19.0+36) (build 19+36-2238)
# Java VM: Java HotSpot(TM) 64-Bit Server VM (19+36-2238, mixed mode, sharing, tiered, compressed oops, compressed class ptrs, g1 gc, windows-amd64)
GC Precious Log:
 CardTable entry size: 512
 Card Set container configuration: InlinePtr #cards 5 size 8 Array Of Cards #cards 12 size 40 Howl #buckets 4 coarsen threshold 1843 Howl Bitmap #cards 512 size 80 coarsen threshold 460 Card regions per heap region 1 cards per card region 2048
 CPUs: 8 total, 8 available
 Memory: 8029M
 Large Page Support: Disabled
 NUMA Support: Disabled
 Compressed Oops: Enabled (32-bit)
 Heap Region Size: 1M
 Heap Min Capacity: 8M
 Heap Initial Capacity: 126M
 Heap Max Capacity: 2008M
 Pre-touch: Disabled
 Parallel Workers: 8
 Concurrent Workers: 2
 Concurrent Refinement Workers: 8
 Periodic GC: Disabled
Heap:
 garbage-first heap   total 253952K, used 51450K [0x0000000082800000, 0x0000000100000000)
  region size 1024K, 15 young (15360K), 2 survivors (2048K)
 Metaspace       used 26652K, committed 27072K, reserved 1114112K
  class space    used 2867K, committed 3072K, reserved 1048576K
GC Heap History (20 events):
Event: 353.463 GC heap before
{Heap before GC invocations=5 (full 0):
 garbage-first heap   total 129024K, used 65019K [0x0000000082800000, 0x0000000100000000)
  region size 1024K, 20 young (20480K), 1 survivors (1024K)
 Metaspace       used 15074K, committed 15488K, reserved 1114112K
  class space    used 1594K, committed 1792K, reserved 1048576K
}
Event: 354.594 GC heap after
{Heap after GC invocations=6 (full 0):
 garbage-first heap   total 129024K, used 14804K [0x0000000082800000, 0x0000000100000000)
  region size 1024K, 2 young (2048K), 2 survivors (2048K)
 Metaspace       used 15074K, committed 15488K, reserved 1114112K
  class space    used 1594K, committed 1792K, reserved 1048576K
}
Event: 357.835 GC heap before
{Heap before GC invocations=6 (full 0):
 garbage-first heap   total 129024K, used 18900K [0x0000000082800000, 0x0000000100000000)
  region size 1024K, 6 young (6144K), 2 survivors (2048K)
 Metaspace       used 16114K, committed 16448K, reserved 1114112K
  class space    used 1704K, committed 1856K, reserved 1048576K
}
Event: 358.121 GC heap after
{Heap after GC invocations=7 (full 0):
 garbage-first heap   total 233472K, used 15285K [0x0000000082800000, 0x0000000100000000)
  region size 1024K, 1 young (1024K), 1 survivors (1024K)
 Metaspace       used 16114K, committed 16448K, reserved 1114112K
  class space    used 1704K, committed 1856K, reserved 1048576K
}
Event: 362.538 GC heap before
{Heap before GC invocations=7 (full 0):
 garbage-first heap   total 233472K, used 23477K [0x0000000082800000, 0x0000000100000000)
  region size 1024K, 10 young (10240K), 1 survivors (1024K)
 Metaspace       used 21192K, committed 21504K, reserved 1114112K
  class space    used 2320K, committed 2496K, reserved 1048576K
}
Event: 362.864 GC heap after
{Heap after GC invocations=8 (full 0):
 garbage-first heap   total 233472K, used 16463K [0x0000000082800000, 0x0000000100000000)
  region size 1024K, 2 young (2048K), 2 survivors (2048K)
 Metaspace       used 21192K, committed 21504K, reserved 1114112K
  class space    used 2320K, committed 2496K, reserved 1048576K
}
Event: 364.714 GC heap before
{Heap before GC invocations=8 (full 0):
 garbage-first heap   total 233472K, used 25679K [0x0000000082800000, 0x0000000100000000)
  region size 1024K, 11 young (11264K), 2 survivors (2048K)
 Metaspace       used 23283K, committed 23680K, reserved 1114112K
  class space    used 2517K, committed 2688K, reserved 1048576K
}
Event: 364.720 GC heap after
{Heap after GC invocations=9 (full 0):
 garbage-first heap   total 233472K, used 22317K [0x0000000082800000, 0x0000000100000000)
  region size 1024K, 2 young (2048K), 2 survivors (2048K)
 Metaspace       used 23283K, committed 23680K, reserved 1114112K
  class space    used 2517K, committed 2688K, reserved 1048576K
}
Event: 365.842 GC heap before
{Heap before GC invocations=9 (full 0):
 garbage-first heap   total 233472K, used 31533K [0x0000000082800000, 0x0000000100000000)
  region size 1024K, 11 young (11264K), 2 survivors (2048K)
 Metaspace       used 23341K, committed 23744K, reserved 1114112K
  class space    used 2520K, committed 2688K, reserved 1048576K
}
Event: 366.220 GC heap after
{Heap after GC invocations=10 (full 0):
 garbage-first heap   total 233472K, used 26102K [0x0000000082800000, 0x0000000100000000)
  region size 1024K, 2 young (2048K), 2 survivors (2048K)
 Metaspace       used 23341K, committed 23744K, reserved 1114112K
  class space    used 2520K, committed 2688K, reserved 1048576K
}
Event: 367.481 GC heap before
{Heap before GC invocations=10 (full 0):
 garbage-first heap   total 233472K, used 35318K [0x0000000082800000, 0x0000000100000000)
  region size 1024K, 11 young (11264K), 2 survivors (2048K)
 Metaspace       used 23375K, committed 23744K, reserved 1114112K
  class space    used 2520K, committed 2688K, reserved 1048576K
}
Event: 367.609 GC heap after
{Heap after GC invocations=11 (full 0):
 garbage-first heap   total 233472K, used 29160K [0x0000000082800000, 0x0000000100000000)
  region size 1024K, 2 young (2048K), 2 survivors (2048K)
 Metaspace       used 23375K, committed 23744K, reserved 1114112K
  class space    used 2520K, committed 2688K, reserved 1048576K
}
Event: 374.838 GC heap before
{Heap before GC invocations=12 (full 0):
 garbage-first heap   total 126976K, used 37352K [0x0000000082800000, 0x0000000100000000)
  region size 1024K, 10 young (10240K), 2 survivors (2048K)
 Metaspace       used 23499K, committed 23872K, reserved 1114112K
  class space    used 2541K, committed 2688K, reserved 1048576K
}
Event: 374.967 GC heap after
{Heap after GC invocations=13 (full 0):
 garbage-first heap   total 126976K, used 31927K [0x0000000082800000, 0x0000000100000000)
  region size 1024K, 2 young (2048K), 2 survivors (2048K)
 Metaspace       used 23499K, committed 23872K, reserved 1114112K
  class space    used 2541K, committed 2688K, reserved 1048576K
}
Event: 375.921 GC heap before
{Heap before GC invocations=13 (full 0):
 garbage-first heap   total 126976K, used 36023K [0x0000000082800000, 0x0000000100000000)
  region size 1024K, 6 young (6144K), 2 survivors (2048K)
 Metaspace       used 23676K, committed 24064K, reserved 1114112K
  class space    used 2557K, committed 2752K, reserved 1048576K
}
Event: 375.930 GC heap after
{Heap after GC invocations=14 (full 0):
 garbage-first heap   total 253952K, used 32310K [0x0000000082800000, 0x0000000100000000)
  region size 1024K, 1 young (1024K), 1 survivors (1024K)
 Metaspace       used 23676K, committed 24064K, reserved 1114112K
  class space    used 2557K, committed 2752K, reserved 1048576K
}
Event: 378.132 GC heap before
{Heap before GC invocations=14 (full 0):
 garbage-first heap   total 253952K, used 59958K [0x0000000082800000, 0x0000000100000000)
  region size 1024K, 27 young (27648K), 1 survivors (1024K)
 Metaspace       used 24155K, committed 24512K, reserved 1114112K
  class space    used 2585K, committed 2752K, reserved 1048576K
}
Event: 378.454 GC heap after
{Heap after GC invocations=15 (full 0):
 garbage-first heap   total 253952K, used 37628K [0x0000000082800000, 0x0000000100000000)
  region size 1024K, 4 young (4096K), 4 survivors (4096K)
 Metaspace       used 24155K, committed 24512K, reserved 1114112K
  class space    used 2585K, committed 2752K, reserved 1048576K
}
Event: 397.338 GC heap before
{Heap before GC invocations=15 (full 0):
 garbage-first heap   total 253952K, used 70396K [0x0000000082800000, 0x0000000100000000)
  region size 1024K, 37 young (37888K), 4 survivors (4096K)
 Metaspace       used 26207K, committed 26624K, reserved 1114112K
  class space    used 2797K, committed 2944K, reserved 1048576K
}
Event: 397.541 GC heap after
{Heap after GC invocations=16 (full 0):
 garbage-first heap   total 253952K, used 39162K [0x0000000082800000, 0x0000000100000000)
  region size 1024K, 2 young (2048K), 2 survivors (2048K)
 Metaspace       used 26207K, committed 26624K, reserved 1114112K
  class space    used 2797K, committed 2944K, reserved 1048576K
}

