# JRE version: Java(TM) SE Runtime Environment (19.0+36) (build 19+36-2238)
# Java VM: Java HotSpot(TM) 64-Bit Server VM (19+36-2238, mixed mode, sharing, tiered, compressed oops, compressed class ptrs, g1 gc, windows-amd64)
GC Precious Log:
 CardTable entry size: 512
 Card Set container configuration: InlinePtr #cards 5 size 8 Array Of Cards #cards 12 size 40 Howl #buckets 4 coarsen threshold 1843 Howl Bitmap #cards 512 size 80 coarsen threshold 460 Card regions per heap region 1 cards per card region 2048
 CPUs: 8 total, 8 available
 Memory: 8029M
 Large Page Support: Disabled
 NUMA Support: Disabled
 Compressed Oops: Enabled (32-bit)
 Heap Region Size: 1M
 Heap Min Capacity: 8M
 Heap Initial Capacity: 126M
 Heap Max Capacity: 2008M
 Pre-touch: Disabled
 Parallel Workers: 8
 Concurrent Workers: 2
 Concurrent Refinement Workers: 8
 Periodic GC: Disabled
Heap:
 garbage-first heap   total 224256K, used 91028K [0x0000000082800000, 0x0000000100000000)
  region size 1024K, 33 young (33792K), 2 survivors (2048K)
 Metaspace       used 33246K, committed 33792K, reserved 1114112K
  class space    used 3498K, committed 3776K, reserved 1048576K
GC Heap History (20 events):
Event: 226.659 GC heap before
{Heap before GC invocations=5 (full 0):
 garbage-first heap   total 61440K, used 50205K [0x0000000082800000, 0x0000000100000000)
  region size 1024K, 36 young (36864K), 4 survivors (4096K)
 Metaspace       used 23466K, committed 23808K, reserved 1114112K
  class space    used 2524K, committed 2688K, reserved 1048576K
}
Event: 226.678 GC heap after
{Heap after GC invocations=6 (full 0):
 garbage-first heap   total 67584K, used 29725K [0x0000000082800000, 0x0000000100000000)
  region size 1024K, 5 young (5120K), 5 survivors (5120K)
 Metaspace       used 23466K, committed 23808K, reserved 1114112K
  class space    used 2524K, committed 2688K, reserved 1048576K
}
Event: 226.699 GC heap before
{Heap before GC invocations=6 (full 0):
 garbage-first heap   total 67584K, used 30749K [0x0000000082800000, 0x0000000100000000)
  region size 1024K, 6 young (6144K), 5 survivors (5120K)
 Metaspace       used 23467K, committed 23808K, reserved 1114112K
  class space    used 2524K, committed 2688K, reserved 1048576K
}
Event: 226.704 GC heap after
{Heap after GC invocations=7 (full 0):
 garbage-first heap   total 67584K, used 31065K [0x0000000082800000, 0x0000000100000000)
  region size 1024K, 1 young (1024K), 1 survivors (1024K)
 Metaspace       used 23467K, committed 23808K, reserved 1114112K
  class space    used 2524K, committed 2688K, reserved 1048576K
}
Event: 227.051 GC heap before
{Heap before GC invocations=7 (full 0):
 garbage-first heap   total 67584K, used 49497K [0x0000000082800000, 0x0000000100000000)
  region size 1024K, 19 young (19456K), 1 survivors (1024K)
 Metaspace       used 24023K, committed 24384K, reserved 1114112K
  class space    used 2584K, committed 2752K, reserved 1048576K
}
Event: 227.058 GC heap after
{Heap after GC invocations=8 (full 0):
 garbage-first heap   total 67584K, used 34304K [0x0000000082800000, 0x0000000100000000)
  region size 1024K, 3 young (3072K), 3 survivors (3072K)
 Metaspace       used 24023K, committed 24384K, reserved 1114112K
  class space    used 2584K, committed 2752K, reserved 1048576K
}
Event: 227.293 GC heap before
{Heap before GC invocations=9 (full 0):
 garbage-first heap   total 67584K, used 51712K [0x0000000082800000, 0x0000000100000000)
  region size 1024K, 19 young (19456K), 3 survivors (3072K)
 Metaspace       used 24322K, committed 24640K, reserved 1114112K
  class space    used 2597K, committed 2752K, reserved 1048576K
}
Event: 227.299 GC heap after
{Heap after GC invocations=10 (full 0):
 garbage-first heap   total 67584K, used 38153K [0x0000000082800000, 0x0000000100000000)
  region size 1024K, 3 young (3072K), 3 survivors (3072K)
 Metaspace       used 24322K, committed 24640K, reserved 1114112K
  class space    used 2597K, committed 2752K, reserved 1048576K
}
Event: 227.316 GC heap before
{Heap before GC invocations=10 (full 0):
 garbage-first heap   total 67584K, used 39177K [0x0000000082800000, 0x0000000100000000)
  region size 1024K, 4 young (4096K), 3 survivors (3072K)
 Metaspace       used 24521K, committed 24896K, reserved 1114112K
  class space    used 2613K, committed 2816K, reserved 1048576K
}
Event: 227.321 GC heap after
{Heap after GC invocations=11 (full 0):
 garbage-first heap   total 128000K, used 38357K [0x0000000082800000, 0x0000000100000000)
  region size 1024K, 1 young (1024K), 1 survivors (1024K)
 Metaspace       used 24521K, committed 24896K, reserved 1114112K
  class space    used 2613K, committed 2816K, reserved 1048576K
}
Event: 227.987 GC heap before
{Heap before GC invocations=11 (full 0):
 garbage-first heap   total 128000K, used 87509K [0x0000000082800000, 0x0000000100000000)
  region size 1024K, 50 young (51200K), 1 survivors (1024K)
 Metaspace       used 26754K, committed 27200K, reserved 1114112K
  class space    used 2871K, committed 3072K, reserved 1048576K
}
Event: 227.990 GC heap after
{Heap after GC invocations=12 (full 0):
 garbage-first heap   total 128000K, used 39113K [0x0000000082800000, 0x0000000100000000)
  region size 1024K, 2 young (2048K), 2 survivors (2048K)
 Metaspace       used 26754K, committed 27200K, reserved 1114112K
  class space    used 2871K, committed 3072K, reserved 1048576K
}
Event: 228.317 GC heap before
{Heap before GC invocations=12 (full 0):
 garbage-first heap   total 128000K, used 91337K [0x0000000082800000, 0x0000000100000000)
  region size 1024K, 53 young (54272K), 2 survivors (2048K)
 Metaspace       used 27136K, committed 27520K, reserved 1114112K
  class space    used 2875K, committed 3072K, reserved 1048576K
}
Event: 228.322 GC heap after
{Heap after GC invocations=13 (full 0):
 garbage-first heap   total 128000K, used 39653K [0x0000000082800000, 0x0000000100000000)
  region size 1024K, 2 young (2048K), 2 survivors (2048K)
 Metaspace       used 27136K, committed 27520K, reserved 1114112K
  class space    used 2875K, committed 3072K, reserved 1048576K
}
Event: 229.249 GC heap before
{Heap before GC invocations=13 (full 0):
 garbage-first heap   total 128000K, used 100069K [0x0000000082800000, 0x0000000100000000)
  region size 1024K, 56 young (57344K), 2 survivors (2048K)
 Metaspace       used 29291K, committed 29824K, reserved 1114112K
  class space    used 3124K, committed 3392K, reserved 1048576K
}
Event: 229.260 GC heap after
{Heap after GC invocations=14 (full 0):
 garbage-first heap   total 128000K, used 54039K [0x0000000082800000, 0x0000000100000000)
  region size 1024K, 7 young (7168K), 7 survivors (7168K)
 Metaspace       used 29291K, committed 29824K, reserved 1114112K
  class space    used 3124K, committed 3392K, reserved 1048576K
}
Event: 230.200 GC heap before
{Heap before GC invocations=14 (full 0):
 garbage-first heap   total 128000K, used 92951K [0x0000000082800000, 0x0000000100000000)
  region size 1024K, 46 young (47104K), 7 survivors (7168K)
 Metaspace       used 30166K, committed 30784K, reserved 1114112K
  class space    used 3221K, committed 3520K, reserved 1048576K
}
Event: 230.212 GC heap after
{Heap after GC invocations=15 (full 0):
 garbage-first heap   total 128000K, used 61751K [0x0000000082800000, 0x0000000100000000)
  region size 1024K, 6 young (6144K), 6 survivors (6144K)
 Metaspace       used 30166K, committed 30784K, reserved 1114112K
  class space    used 3221K, committed 3520K, reserved 1048576K
}
Event: 230.696 GC heap before
{Heap before GC invocations=15 (full 0):
 garbage-first heap   total 128000K, used 95543K [0x0000000082800000, 0x0000000100000000)
  region size 1024K, 39 young (39936K), 6 survivors (6144K)
 Metaspace       used 31178K, committed 31744K, reserved 1114112K
  class space    used 3318K, committed 3584K, reserved 1048576K
}
Event: 230.701 GC heap after
{Heap after GC invocations=16 (full 0):
 garbage-first heap   total 224256K, used 60308K [0x0000000082800000, 0x0000000100000000)
  region size 1024K, 2 young (2048K), 2 survivors (2048K)
 Metaspace       used 31178K, committed 31744K, reserved 1114112K
  class space    used 3318K, committed 3584K, reserved 1048576K
}

