# JRE version: Java(TM) SE Runtime Environment (19.0+36) (build 19+36-2238)
# Java VM: Java HotSpot(TM) 64-Bit Server VM (19+36-2238, mixed mode, sharing, tiered, compressed oops, compressed class ptrs, g1 gc, windows-amd64)
GC Precious Log:
 CardTable entry size: 512
 Card Set container configuration: InlinePtr #cards 5 size 8 Array Of Cards #cards 12 size 40 Howl #buckets 4 coarsen threshold 1843 Howl Bitmap #cards 512 size 80 coarsen threshold 460 Card regions per heap region 1 cards per card region 2048
 CPUs: 8 total, 8 available
 Memory: 8029M
 Large Page Support: Disabled
 NUMA Support: Disabled
 Compressed Oops: Enabled (32-bit)
 Heap Region Size: 1M
 Heap Min Capacity: 8M
 Heap Initial Capacity: 126M
 Heap Max Capacity: 2008M
 Pre-touch: Disabled
 Parallel Workers: 8
 Concurrent Workers: 2
 Concurrent Refinement Workers: 8
 Periodic GC: Disabled
Heap:
 garbage-first heap   total 129024K, used 50772K [0x0000000082800000, 0x0000000100000000)
  region size 1024K, 6 young (6144K), 1 survivors (1024K)
 Metaspace       used 14922K, committed 15232K, reserved 1114112K
  class space    used 1592K, committed 1792K, reserved 1048576K
GC Heap History (12 events):
Event: 1.739 GC heap before
{Heap before GC invocations=0 (full 0):
 garbage-first heap   total 129024K, used 23552K [0x0000000082800000, 0x0000000100000000)
  region size 1024K, 23 young (23552K), 0 survivors (0K)
 Metaspace       used 4992K, committed 5120K, reserved 1114112K
  class space    used 560K, committed 640K, reserved 1048576K
}
Event: 1.747 GC heap after
{Heap after GC invocations=1 (full 0):
 garbage-first heap   total 129024K, used 3566K [0x0000000082800000, 0x0000000100000000)
  region size 1024K, 3 young (3072K), 3 survivors (3072K)
 Metaspace       used 4992K, committed 5120K, reserved 1114112K
  class space    used 560K, committed 640K, reserved 1048576K
}
Event: 3.991 GC heap before
{Heap before GC invocations=1 (full 0):
 garbage-first heap   total 129024K, used 35310K [0x0000000082800000, 0x0000000100000000)
  region size 1024K, 34 young (34816K), 3 survivors (3072K)
 Metaspace       used 10364K, committed 10560K, reserved 1114112K
  class space    used 1224K, committed 1344K, reserved 1048576K
}
Event: 4.001 GC heap after
{Heap after GC invocations=2 (full 0):
 garbage-first heap   total 129024K, used 5804K [0x0000000082800000, 0x0000000100000000)
  region size 1024K, 3 young (3072K), 3 survivors (3072K)
 Metaspace       used 10364K, committed 10560K, reserved 1114112K
  class space    used 1224K, committed 1344K, reserved 1048576K
}
Event: 146.856 GC heap before
{Heap before GC invocations=2 (full 0):
 garbage-first heap   total 129024K, used 79532K [0x0000000082800000, 0x0000000100000000)
  region size 1024K, 75 young (76800K), 3 survivors (3072K)
 Metaspace       used 13520K, committed 13760K, reserved 1114112K
  class space    used 1468K, committed 1600K, reserved 1048576K
}
Event: 149.114 GC heap after
{Heap after GC invocations=3 (full 0):
 garbage-first heap   total 129024K, used 13094K [0x0000000082800000, 0x0000000100000000)
  region size 1024K, 10 young (10240K), 10 survivors (10240K)
 Metaspace       used 13520K, committed 13760K, reserved 1114112K
  class space    used 1468K, committed 1600K, reserved 1048576K
}
Event: 149.772 GC heap before
{Heap before GC invocations=3 (full 0):
 garbage-first heap   total 129024K, used 14118K [0x0000000082800000, 0x0000000100000000)
  region size 1024K, 11 young (11264K), 10 survivors (10240K)
 Metaspace       used 13523K, committed 13760K, reserved 1114112K
  class space    used 1468K, committed 1600K, reserved 1048576K
}
Event: 149.875 GC heap after
{Heap after GC invocations=4 (full 0):
 garbage-first heap   total 129024K, used 14470K [0x0000000082800000, 0x0000000100000000)
  region size 1024K, 2 young (2048K), 2 survivors (2048K)
 Metaspace       used 13523K, committed 13760K, reserved 1114112K
  class space    used 1468K, committed 1600K, reserved 1048576K
}
Event: 152.059 GC heap before
{Heap before GC invocations=4 (full 0):
 garbage-first heap   total 129024K, used 18566K [0x0000000082800000, 0x0000000100000000)
  region size 1024K, 6 young (6144K), 2 survivors (2048K)
 Metaspace       used 13552K, committed 13824K, reserved 1114112K
  class space    used 1468K, committed 1600K, reserved 1048576K
}
Event: 152.060 GC heap after
{Heap after GC invocations=5 (full 0):
 garbage-first heap   total 129024K, used 13324K [0x0000000082800000, 0x0000000100000000)
  region size 1024K, 1 young (1024K), 1 survivors (1024K)
 Metaspace       used 13552K, committed 13824K, reserved 1114112K
  class space    used 1468K, committed 1600K, reserved 1048576K
}
Event: 193.185 GC heap before
{Heap before GC invocations=5 (full 0):
 garbage-first heap   total 129024K, used 27660K [0x0000000082800000, 0x0000000100000000)
  region size 1024K, 15 young (15360K), 1 survivors (1024K)
 Metaspace       used 13992K, committed 14272K, reserved 1114112K
  class space    used 1503K, committed 1664K, reserved 1048576K
}
Event: 193.576 GC heap after
{Heap after GC invocations=6 (full 0):
 garbage-first heap   total 129024K, used 13908K [0x0000000082800000, 0x0000000100000000)
  region size 1024K, 1 young (1024K), 1 survivors (1024K)
 Metaspace       used 13992K, committed 14272K, reserved 1114112K
  class space    used 1503K, committed 1664K, reserved 1048576K
}

